"../../../Engine/Content/EngineMaterials/T_Default_Material_Grid_N.uasset" 0
"../../../Engine/Content/EngineMaterials/T_Default_Material_Grid_N.uexp" 1
"../../../Engine/Content/EngineMaterials/T_Default_Material_Grid_N.ubulk" 2
"../../../Engine/Content/EngineMaterials/T_Default_Material_Grid_M.uasset" 3
"../../../Engine/Content/EngineMaterials/T_Default_Material_Grid_M.uexp" 4
"../../../Engine/Content/EngineMaterials/T_Default_Material_Grid_M.ubulk" 5
"../../../Engine/Content/Functions/Engine_MaterialFunctions01/Opacity/CameraDepthFade.uasset" 6
"../../../Engine/Content/Functions/Engine_MaterialFunctions01/Opacity/CameraDepthFade.uexp" 7
"../../../Engine/Content/EngineMaterials/WorldGridMaterial.uasset" 8
"../../../Engine/Content/EngineMaterials/WorldGridMaterial.uexp" 9
"../../../Engine/Content/ArtTools/RenderToTexture/Meshes/S_1_Unit_Plane.uasset" 10
"../../../Engine/Content/ArtTools/RenderToTexture/Meshes/S_1_Unit_Plane.uexp" 11
"../../../Engine/Content/EngineMaterials/DefaultMaterial.uasset" 12
"../../../Engine/Content/EngineMaterials/DefaultMaterial.uexp" 13
"../../../Engine/Content/BasicShapes/Cone.uasset" 14
"../../../Engine/Content/BasicShapes/Cone.uexp" 15
"../../../Engine/Content/BasicShapes/Plane.uasset" 16
"../../../Engine/Content/BasicShapes/Plane.uexp" 17
"../../../Engine/Content/EngineMaterials/DefaultPhysicalMaterial.uasset" 18
"../../../Engine/Content/EngineMaterials/DefaultPhysicalMaterial.uexp" 19
"../../../Engine/Content/BufferVisualization/AmbientOcclusion.uasset" 20
"../../../Engine/Content/BufferVisualization/AmbientOcclusion.uexp" 21
"../../../Engine/Content/Functions/Engine_MaterialFunctions02/Utility/AppendMany.uasset" 22
"../../../Engine/Content/Functions/Engine_MaterialFunctions02/Utility/AppendMany.uexp" 23
"../../../Engine/Content/BufferVisualization/Anisotropy.uasset" 24
"../../../Engine/Content/BufferVisualization/Anisotropy.uexp" 25
"../../../Engine/Content/BufferVisualization/BaseColor.uasset" 26
"../../../Engine/Content/BufferVisualization/BaseColor.uexp" 27
"../../../Engine/Content/BufferVisualization/CustomDepth.uasset" 28
"../../../Engine/Content/BufferVisualization/CustomDepth.uexp" 29
"../../../Engine/Content/Functions/Engine_MaterialFunctions02/Utility/VectorLength.uasset" 30
"../../../Engine/Content/Functions/Engine_MaterialFunctions02/Utility/VectorLength.uexp" 31
"../../../Engine/Content/BufferVisualization/CustomDepthWorldUnits.uasset" 32
"../../../Engine/Content/BufferVisualization/CustomDepthWorldUnits.uexp" 33
"../../../Engine/Content/EngineMaterials/MiniFont.uasset" 34
"../../../Engine/Content/EngineMaterials/MiniFont.uexp" 35
"../../../Engine/Content/Functions/Engine_MaterialFunctions02/Utility/MakeFloat3.uasset" 36
"../../../Engine/Content/Functions/Engine_MaterialFunctions02/Utility/MakeFloat3.uexp" 37
"../../../Engine/Content/Functions/Engine_MaterialFunctions02/Utility/MakeFloat2.uasset" 38
"../../../Engine/Content/Functions/Engine_MaterialFunctions02/Utility/MakeFloat2.uexp" 39
"../../../Engine/Content/Functions/Engine_MaterialFunctions02/ScreenResolution.uasset" 40
"../../../Engine/Content/Functions/Engine_MaterialFunctions02/ScreenResolution.uexp" 41
"../../../Engine/Content/Functions/Engine_MaterialFunctions02/Utility/BreakOutFloat2Components.uasset" 42
"../../../Engine/Content/Functions/Engine_MaterialFunctions02/Utility/BreakOutFloat2Components.uexp" 43
"../../../Engine/Content/Functions/Engine_MaterialFunctions01/Texturing/ScaleUVsByCenter.uasset" 44
"../../../Engine/Content/Functions/Engine_MaterialFunctions01/Texturing/ScaleUVsByCenter.uexp" 45
"../../../Engine/Content/Functions/Engine_MaterialFunctions02/Texturing/ScreenAlignedUVs.uasset" 46
"../../../Engine/Content/Functions/Engine_MaterialFunctions02/Texturing/ScreenAlignedUVs.uexp" 47
"../../../Engine/Content/BufferVisualization/CustomStencil.uasset" 48
"../../../Engine/Content/BufferVisualization/CustomStencil.uexp" 49
"../../../Engine/Content/BufferVisualization/FinalImage.uasset" 50
"../../../Engine/Content/BufferVisualization/FinalImage.uexp" 51
"../../../Engine/Content/BufferVisualization/LightingModel.uasset" 52
"../../../Engine/Content/BufferVisualization/LightingModel.uexp" 53
"../../../Engine/Content/BufferVisualization/MaterialAO.uasset" 54
"../../../Engine/Content/BufferVisualization/MaterialAO.uexp" 55
"../../../Engine/Content/BufferVisualization/Metallic.uasset" 56
"../../../Engine/Content/BufferVisualization/Metallic.uexp" 57
"../../../Engine/Content/BufferVisualization/Opacity.uasset" 58
"../../../Engine/Content/BufferVisualization/Opacity.uexp" 59
"../../../Engine/Content/BufferVisualization/PostTonemapHDRColor.uasset" 60
"../../../Engine/Content/BufferVisualization/PostTonemapHDRColor.uexp" 61
"../../../Engine/Content/BufferVisualization/PreTonemapHDRColor.uasset" 62
"../../../Engine/Content/BufferVisualization/PreTonemapHDRColor.uexp" 63
"../../../Engine/Content/BufferVisualization/Roughness.uasset" 64
"../../../Engine/Content/BufferVisualization/Roughness.uexp" 65
"../../../Engine/Content/BufferVisualization/SceneColor.uasset" 66
"../../../Engine/Content/BufferVisualization/SceneColor.uexp" 67
"../../../Engine/Content/BufferVisualization/SceneDepth.uasset" 68
"../../../Engine/Content/BufferVisualization/SceneDepth.uexp" 69
"../../../Engine/Content/BufferVisualization/SceneDepthWorldUnits.uasset" 70
"../../../Engine/Content/BufferVisualization/SceneDepthWorldUnits.uexp" 71
"../../../Engine/Content/BufferVisualization/SeparateTranslucencyA.uasset" 72
"../../../Engine/Content/BufferVisualization/SeparateTranslucencyA.uexp" 73
"../../../Engine/Content/BufferVisualization/SeparateTranslucencyRGB.uasset" 74
"../../../Engine/Content/BufferVisualization/SeparateTranslucencyRGB.uexp" 75
"../../../Engine/Content/BufferVisualization/Specular.uasset" 76
"../../../Engine/Content/BufferVisualization/Specular.uexp" 77
"../../../Engine/Content/BufferVisualization/SubsurfaceColor.uasset" 78
"../../../Engine/Content/BufferVisualization/SubsurfaceColor.uexp" 79
"../../../Engine/Content/BufferVisualization/Velocity.uasset" 80
"../../../Engine/Content/BufferVisualization/Velocity.uexp" 81
"../../../Engine/Content/BufferVisualization/WorldNormal.uasset" 82
"../../../Engine/Content/BufferVisualization/WorldNormal.uexp" 83
"../../../Engine/Content/BufferVisualization/WorldTangent.uasset" 84
"../../../Engine/Content/BufferVisualization/WorldTangent.uexp" 85
"../../../Engine/Content/EditorLandscapeResources/DataLayer.uasset" 86
"../../../Engine/Content/EditorLandscapeResources/DataLayer.uexp" 87
"../../../Engine/Content/EditorLandscapeResources/DefaultAlphaTexture.uasset" 88
"../../../Engine/Content/EditorLandscapeResources/DefaultAlphaTexture.uexp" 89
"../../../Engine/Content/EditorLandscapeResources/LandscapeGizmoHeight_Mat.uasset" 90
"../../../Engine/Content/EditorLandscapeResources/LandscapeGizmoHeight_Mat.uexp" 91
"../../../Engine/Content/EditorLandscapeResources/LandscapeGizmo_Mat.uasset" 92
"../../../Engine/Content/EditorLandscapeResources/LandscapeGizmo_Mat.uexp" 93
"../../../Engine/Content/EditorLandscapeResources/LandscapeGizmo_Mat_Copied.uasset" 94
"../../../Engine/Content/EditorLandscapeResources/LandscapeGizmo_Mat_Copied.uexp" 95
"../../../Engine/Content/EditorLandscapeResources/SplineEditorMeshMat.uasset" 96
"../../../Engine/Content/EditorLandscapeResources/SplineEditorMeshMat.uexp" 97
"../../../Engine/Content/EditorLandscapeResources/SplineEditorMesh.uasset" 98
"../../../Engine/Content/EditorLandscapeResources/SplineEditorMesh.uexp" 99
"../../../Engine/Content/EditorMaterials/Cross.uasset" 100
"../../../Engine/Content/EditorMaterials/Cross.uexp" 101
"../../../Engine/Content/EditorMaterials/Cross_Mat.uasset" 102
"../../../Engine/Content/EditorMaterials/Cross_Mat.uexp" 103
"../../../Engine/Content/EditorResources/T_EditorHelp.uasset" 104
"../../../Engine/Content/EditorResources/T_EditorHelp.uexp" 105
"../../../Engine/Content/EditorResources/T_EditorHelp.ubulk" 106
"../../../Engine/Content/Functions/Engine_MaterialFunctions02/Utility/Sign.uasset" 107
"../../../Engine/Content/Functions/Engine_MaterialFunctions02/Utility/Sign.uexp" 108
"../../../Engine/Content/Functions/Engine_MaterialFunctions02/Utility/Round.uasset" 109
"../../../Engine/Content/Functions/Engine_MaterialFunctions02/Utility/Round.uexp" 110
"../../../Engine/Content/Functions/Engine_MaterialFunctions02/ExampleContent/Textures/DebugNumberPeriod.uasset" 111
"../../../Engine/Content/Functions/Engine_MaterialFunctions02/ExampleContent/Textures/DebugNumberPeriod.uexp" 112
"../../../Engine/Content/Functions/Engine_MaterialFunctions02/ExampleContent/DebugNumberStrip.uasset" 113
"../../../Engine/Content/Functions/Engine_MaterialFunctions02/ExampleContent/DebugNumberStrip.uexp" 114
"../../../Engine/Content/EngineMaterials/DefaultDiffuse.uasset" 115
"../../../Engine/Content/EngineMaterials/DefaultDiffuse.uexp" 116
"../../../Engine/Content/EngineMaterials/DefaultDiffuse.ubulk" 117
"../../../Engine/Content/Functions/Engine_MaterialFunctions01/Texturing/TextureCropping.uasset" 118
"../../../Engine/Content/Functions/Engine_MaterialFunctions01/Texturing/TextureCropping.uexp" 119
"../../../Engine/Content/Functions/Engine_MaterialFunctions01/Texturing/ComputeMipLevel.uasset" 120
"../../../Engine/Content/Functions/Engine_MaterialFunctions01/Texturing/ComputeMipLevel.uexp" 121
"../../../Engine/Content/Functions/Engine_MaterialFunctions02/Utility/DebugScalarValues.uasset" 122
"../../../Engine/Content/Functions/Engine_MaterialFunctions02/Utility/DebugScalarValues.uexp" 123
"../../../Engine/Content/Functions/Engine_MaterialFunctions02/Utility/DebugFloat2Values.uasset" 124
"../../../Engine/Content/Functions/Engine_MaterialFunctions02/Utility/DebugFloat2Values.uexp" 125
"../../../Engine/Content/Functions/Engine_MaterialFunctions02/ExampleContent/Textures/flipbook.uasset" 126
"../../../Engine/Content/Functions/Engine_MaterialFunctions02/ExampleContent/Textures/flipbook.uexp" 127
"../../../Engine/Content/Functions/Engine_MaterialFunctions02/ExampleContent/Textures/flipbook.ubulk" 128
"../../../Engine/Content/Functions/Engine_MaterialFunctions02/Texturing/FlipBook.uasset" 129
"../../../Engine/Content/Functions/Engine_MaterialFunctions02/Texturing/FlipBook.uexp" 130
"../../../Engine/Content/EditorMaterials/HelpActorMaterial.uasset" 131
"../../../Engine/Content/EditorMaterials/HelpActorMaterial.uexp" 132
"../../../Engine/Content/Functions/Engine_MaterialFunctions03/Procedurals/ComputeFilterWidth.uasset" 133
"../../../Engine/Content/Functions/Engine_MaterialFunctions03/Procedurals/ComputeFilterWidth.uexp" 134
"../../../Engine/Content/EngineMaterials/BlendFunc_DefBlend.uasset" 135
"../../../Engine/Content/EngineMaterials/BlendFunc_DefBlend.uexp" 136
"../../../Engine/Content/EngineMaterials/BlendFunc_DefBase.uasset" 137
"../../../Engine/Content/EngineMaterials/BlendFunc_DefBase.uexp" 138
"../../../Engine/Content/Functions/Engine_MaterialFunctions03/Blends/Blend_Screen.uasset" 139
"../../../Engine/Content/Functions/Engine_MaterialFunctions03/Blends/Blend_Screen.uexp" 140
"../../../Engine/Content/EditorMaterials/TilingAALineIntegral.uasset" 141
"../../../Engine/Content/EditorMaterials/TilingAALineIntegral.uexp" 142
"../../../Engine/Content/EditorMaterials/TilingAALineBoxFiltered.uasset" 143
"../../../Engine/Content/EditorMaterials/TilingAALineBoxFiltered.uexp" 144
"../../../Engine/Content/EditorMaterials/TilingAAGrid.uasset" 145
"../../../Engine/Content/EditorMaterials/TilingAAGrid.uexp" 146
"../../../Engine/Content/EditorMaterials/TilingAADots.uasset" 147
"../../../Engine/Content/EditorMaterials/TilingAADots.uexp" 148
"../../../Engine/Content/EditorMaterials/CompositeARGBLayer.uasset" 149
"../../../Engine/Content/EditorMaterials/CompositeARGBLayer.uexp" 150
"../../../Engine/Content/EditorMaterials/LevelGridMaterial.uasset" 151
"../../../Engine/Content/EditorMaterials/LevelGridMaterial.uexp" 152
"../../../Engine/Content/EditorResources/LevelGrid1DStripes.uasset" 153
"../../../Engine/Content/EditorResources/LevelGrid1DStripes.uexp" 154
"../../../Engine/Content/EditorMaterials/TextureGridCascaded1D.uasset" 155
"../../../Engine/Content/EditorMaterials/TextureGridCascaded1D.uexp" 156
"../../../Engine/Content/EditorMaterials/TextureGridCascaded2D.uasset" 157
"../../../Engine/Content/EditorMaterials/TextureGridCascaded2D.uexp" 158
"../../../Engine/Content/EditorMaterials/MakeCompositeARGBLayer.uasset" 159
"../../../Engine/Content/EditorMaterials/MakeCompositeARGBLayer.uexp" 160
"../../../Engine/Content/EditorMaterials/LevelGridMaterial2.uasset" 161
"../../../Engine/Content/EditorMaterials/LevelGridMaterial2.uexp" 162
"../../../Engine/Content/EditorMaterials/MAT_Groups_Toggle.uasset" 163
"../../../Engine/Content/EditorMaterials/MAT_Groups_Toggle.uexp" 164
"../../../Engine/Content/EditorMaterials/MAT_Groups_Visibility.uasset" 165
"../../../Engine/Content/EditorMaterials/MAT_Groups_Visibility.uexp" 166
"../../../Engine/Content/EditorMaterials/PhAT_BoneSelectedMaterial.uasset" 167
"../../../Engine/Content/EditorMaterials/PhAT_BoneSelectedMaterial.uexp" 168
"../../../Engine/Content/EditorMaterials/PhAT_ElemSelectedMaterial.uasset" 169
"../../../Engine/Content/EditorMaterials/PhAT_ElemSelectedMaterial.uexp" 170
"../../../Engine/Content/EditorMaterials/PhAT_NoCollisionMaterial.uasset" 171
"../../../Engine/Content/EditorMaterials/PhAT_NoCollisionMaterial.uexp" 172
"../../../Engine/Content/EditorMaterials/PhAT_UnselectedMaterial.uasset" 173
"../../../Engine/Content/EditorMaterials/PhAT_UnselectedMaterial.uexp" 174
"../../../Engine/Content/EditorMaterials/PreviewShadowIndicator.uasset" 175
"../../../Engine/Content/EditorMaterials/PreviewShadowIndicator.uexp" 176
"../../../Engine/Content/EditorMaterials/PreviewShadowIndicator.ubulk" 177
"../../../Engine/Content/EditorMaterials/PreviewShadowIndicatorMaterial.uasset" 178
"../../../Engine/Content/EditorMaterials/PreviewShadowIndicatorMaterial.uexp" 179
"../../../Engine/Content/EditorMaterials/TargetIcon.uasset" 180
"../../../Engine/Content/EditorMaterials/TargetIcon.uexp" 181
"../../../Engine/Content/EditorMaterials/TargetIcon.ubulk" 182
"../../../Engine/Content/EditorMaterials/Tick.uasset" 183
"../../../Engine/Content/EditorMaterials/Tick.uexp" 184
"../../../Engine/Content/EditorMaterials/Tick_Mat.uasset" 185
"../../../Engine/Content/EditorMaterials/Tick_Mat.uexp" 186
"../../../Engine/Content/EditorMaterials/WidgetGridVertexColorMaterial.uasset" 187
"../../../Engine/Content/EditorMaterials/WidgetGridVertexColorMaterial.uexp" 188
"../../../Engine/Content/EditorMaterials/WidgetGridVertexColorMaterial.ubulk" 189
"../../../Engine/Content/EditorMaterials/WidgetGridVertexColorMaterial_Ma.uasset" 190
"../../../Engine/Content/EditorMaterials/WidgetGridVertexColorMaterial_Ma.uexp" 191
"../../../Engine/Content/EditorMaterials/WidgetMaterial.uasset" 192
"../../../Engine/Content/EditorMaterials/WidgetMaterial.uexp" 193
"../../../Engine/Content/EditorMaterials/WidgetMaterial_Current.uasset" 194
"../../../Engine/Content/EditorMaterials/WidgetMaterial_Current.uexp" 195
"../../../Engine/Content/EditorMaterials/WidgetMaterial_X.uasset" 196
"../../../Engine/Content/EditorMaterials/WidgetMaterial_X.uexp" 197
"../../../Engine/Content/EditorMaterials/WidgetMaterial_Y.uasset" 198
"../../../Engine/Content/EditorMaterials/WidgetMaterial_Y.uexp" 199
"../../../Engine/Content/EditorMaterials/WidgetMaterial_Z.uasset" 200
"../../../Engine/Content/EditorMaterials/WidgetMaterial_Z.uexp" 201
"../../../Engine/Content/EditorMaterials/WidgetVertexColorMaterial.uasset" 202
"../../../Engine/Content/EditorMaterials/WidgetVertexColorMaterial.uexp" 203
"../../../Engine/Content/EditorMaterials/MatineeGroups/MAT_ColorTrack.uasset" 204
"../../../Engine/Content/EditorMaterials/MatineeGroups/MAT_ColorTrack.uexp" 205
"../../../Engine/Content/EditorMaterials/MatineeGroups/MAT_Groups_Anim.uasset" 206
"../../../Engine/Content/EditorMaterials/MatineeGroups/MAT_Groups_Anim.uexp" 207
"../../../Engine/Content/EditorMaterials/MatineeGroups/MAT_Groups_AudioMaster.uasset" 208
"../../../Engine/Content/EditorMaterials/MatineeGroups/MAT_Groups_AudioMaster.uexp" 209
"../../../Engine/Content/EditorMaterials/MatineeGroups/MAT_Groups_Director.uasset" 210
"../../../Engine/Content/EditorMaterials/MatineeGroups/MAT_Groups_Director.uexp" 211
"../../../Engine/Content/EditorMaterials/MatineeGroups/MAT_Groups_Event.uasset" 212
"../../../Engine/Content/EditorMaterials/MatineeGroups/MAT_Groups_Event.uexp" 213
"../../../Engine/Content/EditorMaterials/MatineeGroups/MAT_Groups_Fade.uasset" 214
"../../../Engine/Content/EditorMaterials/MatineeGroups/MAT_Groups_Fade.uexp" 215
"../../../Engine/Content/EditorMaterials/MatineeGroups/MAT_Groups_Float.uasset" 216
"../../../Engine/Content/EditorMaterials/MatineeGroups/MAT_Groups_Float.uexp" 217
"../../../Engine/Content/EditorMaterials/MatineeGroups/MAT_Groups_Move.uasset" 218
"../../../Engine/Content/EditorMaterials/MatineeGroups/MAT_Groups_Move.uexp" 219
"../../../Engine/Content/EditorMaterials/MatineeGroups/MAT_Groups_Slomo.uasset" 220
"../../../Engine/Content/EditorMaterials/MatineeGroups/MAT_Groups_Slomo.uexp" 221
"../../../Engine/Content/EditorMaterials/MatineeGroups/MAT_Groups_Sound.uasset" 222
"../../../Engine/Content/EditorMaterials/MatineeGroups/MAT_Groups_Sound.uexp" 223
"../../../Engine/Content/EditorMaterials/MatineeGroups/MAT_Groups_Vector.uasset" 224
"../../../Engine/Content/EditorMaterials/MatineeGroups/MAT_Groups_Vector.uexp" 225
"../../../Engine/Content/EditorMaterials/ParticleSystems/PSysThumbnail_NoImage.uasset" 226
"../../../Engine/Content/EditorMaterials/ParticleSystems/PSysThumbnail_NoImage.uexp" 227
"../../../Engine/Content/EditorMaterials/ParticleSystems/PSysThumbnail_NoImage.ubulk" 228
"../../../Engine/Content/EditorMaterials/ParticleSystems/PSysThumbnail_OOD.uasset" 229
"../../../Engine/Content/EditorMaterials/ParticleSystems/PSysThumbnail_OOD.uexp" 230
"../../../Engine/Content/EditorMaterials/ParticleSystems/PSysThumbnail_OOD.ubulk" 231
"../../../Engine/Content/EngineMaterials/Grid.uasset" 232
"../../../Engine/Content/EngineMaterials/Grid.uexp" 233
"../../../Engine/Content/EngineMaterials/Grid.ubulk" 234
"../../../Engine/Content/EditorMaterials/Thumbnails/FloorPlaneMaterial.uasset" 235
"../../../Engine/Content/EditorMaterials/Thumbnails/FloorPlaneMaterial.uexp" 236
"../../../Engine/Content/EditorMeshes/EditorCube.uasset" 237
"../../../Engine/Content/EditorMeshes/EditorCube.uexp" 238
"../../../Engine/Content/EditorMeshes/EditorCylinder.uasset" 239
"../../../Engine/Content/EditorMeshes/EditorCylinder.uexp" 240
"../../../Engine/Content/EditorMeshes/EditorPlane.uasset" 241
"../../../Engine/Content/EditorMeshes/EditorPlane.uexp" 242
"../../../Engine/Content/EditorMaterials/Thumbnails/SkySphereMaterial.uasset" 243
"../../../Engine/Content/EditorMaterials/Thumbnails/SkySphereMaterial.uexp" 244
"../../../Engine/Content/EditorMeshes/EditorSkySphere.uasset" 245
"../../../Engine/Content/EditorMeshes/EditorSkySphere.uexp" 246
"../../../Engine/Content/EditorMeshes/EditorSphere.uasset" 247
"../../../Engine/Content/EditorMeshes/EditorSphere.uexp" 248
"../../../Engine/Content/EditorMeshes/PlanarReflectionPlane.uasset" 249
"../../../Engine/Content/EditorMeshes/PlanarReflectionPlane.uexp" 250
"../../../Engine/Content/EngineDebugMaterials/M_SimpleOpaque.uasset" 251
"../../../Engine/Content/EngineDebugMaterials/M_SimpleOpaque.uexp" 252
"../../../Engine/Content/EditorMaterials/Camera/MI_CineMat_CamViewFinder.uasset" 253
"../../../Engine/Content/EditorMaterials/Camera/MI_CineMat_CamViewFinder.uexp" 254
"../../../Engine/Content/EditorMaterials/Camera/CineMat.uasset" 255
"../../../Engine/Content/EditorMaterials/Camera/CineMat.uexp" 256
"../../../Engine/Content/EditorMaterials/Camera/MI_CineMat_CameraBody.uasset" 257
"../../../Engine/Content/EditorMaterials/Camera/MI_CineMat_CameraBody.uexp" 258
"../../../Engine/Content/EditorMeshes/Camera/SM_CineCam.uasset" 259
"../../../Engine/Content/EditorMeshes/Camera/SM_CineCam.uexp" 260
"../../../Engine/Content/EditorMaterials/Camera/MI_CineMat_Rig.uasset" 261
"../../../Engine/Content/EditorMaterials/Camera/MI_CineMat_Rig.uexp" 262
"../../../Engine/Content/EditorMeshes/Camera/SM_CraneRig_Arm.uasset" 263
"../../../Engine/Content/EditorMeshes/Camera/SM_CraneRig_Arm.uexp" 264
"../../../Engine/Content/EditorMeshes/Camera/SM_CraneRig_Base.uasset" 265
"../../../Engine/Content/EditorMeshes/Camera/SM_CraneRig_Base.uexp" 266
"../../../Engine/Content/EditorMeshes/Camera/SM_CraneRig_Body.uasset" 267
"../../../Engine/Content/EditorMeshes/Camera/SM_CraneRig_Body.uexp" 268
"../../../Engine/Content/EditorMeshes/Camera/SM_CraneRig_Mount.uasset" 269
"../../../Engine/Content/EditorMeshes/Camera/SM_CraneRig_Mount.uexp" 270
"../../../Engine/Content/EditorMeshes/Camera/SM_RailRig_Mount.uasset" 271
"../../../Engine/Content/EditorMeshes/Camera/SM_RailRig_Mount.uexp" 272
"../../../Engine/Content/EditorMeshes/Camera/SM_RailRig_Track.uasset" 273
"../../../Engine/Content/EditorMeshes/Camera/SM_RailRig_Track.uexp" 274
"../../../Engine/Content/EditorMeshes/ColorCalibrator/M_ChromeBall.uasset" 275
"../../../Engine/Content/EditorMeshes/ColorCalibrator/M_ChromeBall.uexp" 276
"../../../Engine/Content/EditorResources/Bad.uasset" 277
"../../../Engine/Content/EditorResources/Bad.uexp" 278
"../../../Engine/Content/EditorResources/Bad.ubulk" 279
"../../../Engine/Content/EditorResources/BSPVertex.uasset" 280
"../../../Engine/Content/EditorResources/BSPVertex.uexp" 281
"../../../Engine/Content/EditorResources/EmptyActor.uasset" 282
"../../../Engine/Content/EditorResources/EmptyActor.uexp" 283
"../../../Engine/Content/EditorResources/MatInstActSprite.uasset" 284
"../../../Engine/Content/EditorResources/MatInstActSprite.uexp" 285
"../../../Engine/Content/EditorResources/MatInstActSprite.ubulk" 286
"../../../Engine/Content/EditorResources/SceneManager.uasset" 287
"../../../Engine/Content/EditorResources/SceneManager.uexp" 288
"../../../Engine/Content/EditorResources/SceneManager.ubulk" 289
"../../../Engine/Content/EditorResources/SmallFont.uasset" 290
"../../../Engine/Content/EditorResources/SmallFont.uexp" 291
"../../../Engine/Content/EditorResources/S_Actor.uasset" 292
"../../../Engine/Content/EditorResources/S_Actor.uexp" 293
"../../../Engine/Content/EditorResources/S_Actor.ubulk" 294
"../../../Engine/Content/EditorResources/S_CameraShakeSource.uasset" 295
"../../../Engine/Content/EditorResources/S_CameraShakeSource.uexp" 296
"../../../Engine/Content/EditorResources/S_DecalActorIcon.uasset" 297
"../../../Engine/Content/EditorResources/S_DecalActorIcon.uexp" 298
"../../../Engine/Content/EditorResources/S_DecalActorIcon.ubulk" 299
"../../../Engine/Content/EditorResources/S_Emitter.uasset" 300
"../../../Engine/Content/EditorResources/S_Emitter.uexp" 301
"../../../Engine/Content/EditorResources/S_Emitter.ubulk" 302
"../../../Engine/Content/EditorResources/S_ExpoHeightFog.uasset" 303
"../../../Engine/Content/EditorResources/S_ExpoHeightFog.uexp" 304
"../../../Engine/Content/EditorResources/S_ExpoHeightFog.ubulk" 305
"../../../Engine/Content/EditorResources/S_FTest.uasset" 306
"../../../Engine/Content/EditorResources/S_FTest.uexp" 307
"../../../Engine/Content/EditorResources/S_KBSJoint.uasset" 308
"../../../Engine/Content/EditorResources/S_KBSJoint.uexp" 309
"../../../Engine/Content/EditorResources/S_KBSJoint.ubulk" 310
"../../../Engine/Content/EditorResources/S_KHinge.uasset" 311
"../../../Engine/Content/EditorResources/S_KHinge.uexp" 312
"../../../Engine/Content/EditorResources/S_KHinge.ubulk" 313
"../../../Engine/Content/EditorResources/S_KPrismatic.uasset" 314
"../../../Engine/Content/EditorResources/S_KPrismatic.uexp" 315
"../../../Engine/Content/EditorResources/S_KPrismatic.ubulk" 316
"../../../Engine/Content/EditorResources/S_LevelSequence.uasset" 317
"../../../Engine/Content/EditorResources/S_LevelSequence.uexp" 318
"../../../Engine/Content/EditorResources/S_LevelSequence.ubulk" 319
"../../../Engine/Content/EditorResources/S_NavP.uasset" 320
"../../../Engine/Content/EditorResources/S_NavP.uexp" 321
"../../../Engine/Content/EditorResources/S_NavP.ubulk" 322
"../../../Engine/Content/EditorResources/S_Note.uasset" 323
"../../../Engine/Content/EditorResources/S_Note.uexp" 324
"../../../Engine/Content/EditorResources/S_Note.ubulk" 325
"../../../Engine/Content/EditorResources/S_Player.uasset" 326
"../../../Engine/Content/EditorResources/S_Player.uexp" 327
"../../../Engine/Content/EditorResources/S_Player.ubulk" 328
"../../../Engine/Content/EditorResources/S_PortalActorIcon2.uasset" 329
"../../../Engine/Content/EditorResources/S_PortalActorIcon2.uexp" 330
"../../../Engine/Content/EditorResources/S_PortalActorIcon2.ubulk" 331
"../../../Engine/Content/EditorResources/S_RadForce.uasset" 332
"../../../Engine/Content/EditorResources/S_RadForce.uexp" 333
"../../../Engine/Content/EditorResources/S_RadForce.ubulk" 334
"../../../Engine/Content/EditorResources/S_ReflActorIcon.uasset" 335
"../../../Engine/Content/EditorResources/S_ReflActorIcon.uexp" 336
"../../../Engine/Content/EditorResources/S_ReflActorIcon.ubulk" 337
"../../../Engine/Content/EditorResources/S_SkyAtmosphere.uasset" 338
"../../../Engine/Content/EditorResources/S_SkyAtmosphere.uexp" 339
"../../../Engine/Content/EditorResources/S_SkyAtmosphere.ubulk" 340
"../../../Engine/Content/EditorResources/S_Solver.uasset" 341
"../../../Engine/Content/EditorResources/S_Solver.uexp" 342
"../../../Engine/Content/EditorResources/S_Solver.ubulk" 343
"../../../Engine/Content/EditorResources/S_Terrain.uasset" 344
"../../../Engine/Content/EditorResources/S_Terrain.uexp" 345
"../../../Engine/Content/EditorResources/S_Terrain.ubulk" 346
"../../../Engine/Content/EditorResources/S_TextRenderActorIcon.uasset" 347
"../../../Engine/Content/EditorResources/S_TextRenderActorIcon.uexp" 348
"../../../Engine/Content/EditorResources/S_TextRenderActorIcon.ubulk" 349
"../../../Engine/Content/EditorResources/S_Thruster.uasset" 350
"../../../Engine/Content/EditorResources/S_Thruster.uexp" 351
"../../../Engine/Content/EditorResources/S_Thruster.ubulk" 352
"../../../Engine/Content/EditorResources/S_Trigger.uasset" 353
"../../../Engine/Content/EditorResources/S_Trigger.uexp" 354
"../../../Engine/Content/EditorResources/S_Trigger.ubulk" 355
"../../../Engine/Content/EditorResources/S_VectorFieldVol.uasset" 356
"../../../Engine/Content/EditorResources/S_VectorFieldVol.uexp" 357
"../../../Engine/Content/EditorResources/S_VectorFieldVol.ubulk" 358
"../../../Engine/Content/EditorResources/S_VolumetricCloud.uasset" 359
"../../../Engine/Content/EditorResources/S_VolumetricCloud.uexp" 360
"../../../Engine/Content/EditorResources/S_VolumetricCloud.ubulk" 361
"../../../Engine/Content/EditorResources/S_WindDirectional.uasset" 362
"../../../Engine/Content/EditorResources/S_WindDirectional.uexp" 363
"../../../Engine/Content/EditorResources/S_WindDirectional.ubulk" 364
"../../../Engine/Content/EditorResources/AI/S_NavLink.uasset" 365
"../../../Engine/Content/EditorResources/AI/S_NavLink.uexp" 366
"../../../Engine/Content/EditorResources/AudioIcons/S_AudioComponent_AutoActivate.uasset" 367
"../../../Engine/Content/EditorResources/AudioIcons/S_AudioComponent_AutoActivate.uexp" 368
"../../../Engine/Content/EditorResources/AudioIcons/S_AudioComponent_AutoActivate.ubulk" 369
"../../../Engine/Content/EditorResources/LightIcons/SkyLight.uasset" 370
"../../../Engine/Content/EditorResources/LightIcons/SkyLight.uexp" 371
"../../../Engine/Content/EditorResources/LightIcons/S_LightDirectional.uasset" 372
"../../../Engine/Content/EditorResources/LightIcons/S_LightDirectional.uexp" 373
"../../../Engine/Content/EditorResources/LightIcons/S_LightDirectionalMove.uasset" 374
"../../../Engine/Content/EditorResources/LightIcons/S_LightDirectionalMove.uexp" 375
"../../../Engine/Content/EditorResources/LightIcons/S_LightError.uasset" 376
"../../../Engine/Content/EditorResources/LightIcons/S_LightError.uexp" 377
"../../../Engine/Content/EditorResources/LightIcons/S_LightPoint.uasset" 378
"../../../Engine/Content/EditorResources/LightIcons/S_LightPoint.uexp" 379
"../../../Engine/Content/EditorResources/LightIcons/S_LightPointMove.uasset" 380
"../../../Engine/Content/EditorResources/LightIcons/S_LightPointMove.uexp" 381
"../../../Engine/Content/EditorResources/LightIcons/S_LightSpot.uasset" 382
"../../../Engine/Content/EditorResources/LightIcons/S_LightSpot.uexp" 383
"../../../Engine/Content/EditorResources/LightIcons/S_LightSpotMove.uasset" 384
"../../../Engine/Content/EditorResources/LightIcons/S_LightSpotMove.uexp" 385
"../../../Engine/Content/EditorResources/SequenceRecorder/Countdown.uasset" 386
"../../../Engine/Content/EditorResources/SequenceRecorder/Countdown.uexp" 387
"../../../Engine/Content/EditorResources/SequenceRecorder/RecordingIndicator.uasset" 388
"../../../Engine/Content/EditorResources/SequenceRecorder/RecordingIndicator.uexp" 389
"../../../Engine/Content/EditorResources/Spline/T_Loft_Spline.uasset" 390
"../../../Engine/Content/EditorResources/Spline/T_Loft_Spline.uexp" 391
"../../../Engine/Content/EditorSounds/Notifications/CompileFailed.uasset" 392
"../../../Engine/Content/EditorSounds/Notifications/CompileFailed.uexp" 393
"../../../Engine/Content/EditorSounds/Notifications/CompileFailed_Cue.uasset" 394
"../../../Engine/Content/EditorSounds/Notifications/CompileFailed_Cue.uexp" 395
"../../../Engine/Content/EditorSounds/Notifications/CompileSuccess.uasset" 396
"../../../Engine/Content/EditorSounds/Notifications/CompileSuccess.uexp" 397
"../../../Engine/Content/EditorSounds/Notifications/CompileStart_Cue.uasset" 398
"../../../Engine/Content/EditorSounds/Notifications/CompileStart_Cue.uexp" 399
"../../../Engine/Content/EditorSounds/Notifications/CompileSuccess_Cue.uasset" 400
"../../../Engine/Content/EditorSounds/Notifications/CompileSuccess_Cue.uexp" 401
"../../../Engine/Content/EngineDamageTypes/DmgTypeBP_Environmental.uasset" 402
"../../../Engine/Content/EngineDamageTypes/DmgTypeBP_Environmental.uexp" 403
"../../../Engine/Content/EngineDebugMaterials/HeatmapGradient.uasset" 404
"../../../Engine/Content/EngineDebugMaterials/HeatmapGradient.uexp" 405
"../../../Engine/Content/EngineDebugMaterials/HeatmapGradient.ubulk" 406
"../../../Engine/Content/EngineDebugMaterials/BoneWeightMaterial.uasset" 407
"../../../Engine/Content/EngineDebugMaterials/BoneWeightMaterial.uexp" 408
"../../../Engine/Content/EngineDebugMaterials/ClothMaterial.uasset" 409
"../../../Engine/Content/EngineDebugMaterials/ClothMaterial.uexp" 410
"../../../Engine/Content/EngineDebugMaterials/ClothMaterial_WF.uasset" 411
"../../../Engine/Content/EngineDebugMaterials/ClothMaterial_WF.uexp" 412
"../../../Engine/Content/EngineDebugMaterials/DebugEditorMaterial.uasset" 413
"../../../Engine/Content/EngineDebugMaterials/DebugEditorMaterial.uexp" 414
"../../../Engine/Content/EngineDebugMaterials/DebugMeshMaterial.uasset" 415
"../../../Engine/Content/EngineDebugMaterials/DebugMeshMaterial.uexp" 416
"../../../Engine/Content/EngineDebugMaterials/GeomMaterial.uasset" 417
"../../../Engine/Content/EngineDebugMaterials/GeomMaterial.uexp" 418
"../../../Engine/Content/Functions/Engine_MaterialFunctions01/Shading/ConvertFromDiffSpec.uasset" 419
"../../../Engine/Content/Functions/Engine_MaterialFunctions01/Shading/ConvertFromDiffSpec.uexp" 420
"../../../Engine/Content/EngineDebugMaterials/LevelColorationLitMaterial.uasset" 421
"../../../Engine/Content/EngineDebugMaterials/LevelColorationLitMaterial.uexp" 422
"../../../Engine/Content/EngineDebugMaterials/LevelColorationUnlitMaterial.uasset" 423
"../../../Engine/Content/EngineDebugMaterials/LevelColorationUnlitMaterial.uexp" 424
"../../../Engine/Content/EngineMaterials/DefaultWhiteGrid.uasset" 425
"../../../Engine/Content/EngineMaterials/DefaultWhiteGrid.uexp" 426
"../../../Engine/Content/EngineMaterials/DefaultWhiteGrid.ubulk" 427
"../../../Engine/Content/EngineDebugMaterials/MAT_LevelColorationLitLightmapUV.uasset" 428
"../../../Engine/Content/EngineDebugMaterials/MAT_LevelColorationLitLightmapUV.uexp" 429
"../../../Engine/Content/EngineDebugMaterials/M_SimpleUnlitTranslucent.uasset" 430
"../../../Engine/Content/EngineDebugMaterials/M_SimpleUnlitTranslucent.uexp" 431
"../../../Engine/Content/EngineDebugMaterials/VolumeToRender.uasset" 432
"../../../Engine/Content/EngineDebugMaterials/VolumeToRender.uexp" 433
"../../../Engine/Content/Functions/Engine_MaterialFunctions02/Utility/CameraDirectionVector.uasset" 434
"../../../Engine/Content/Functions/Engine_MaterialFunctions02/Utility/CameraDirectionVector.uexp" 435
"../../../Engine/Content/EngineDebugMaterials/M_VolumeRenderSphereTracePP.uasset" 436
"../../../Engine/Content/EngineDebugMaterials/M_VolumeRenderSphereTracePP.uexp" 437
"../../../Engine/Content/EngineMaterials/DefaultWhiteGrid_Low.uasset" 438
"../../../Engine/Content/EngineMaterials/DefaultWhiteGrid_Low.uexp" 439
"../../../Engine/Content/EngineDebugMaterials/PhysicalMaterialMaskMaterial.uasset" 440
"../../../Engine/Content/EngineDebugMaterials/PhysicalMaterialMaskMaterial.uexp" 441
"../../../Engine/Content/EngineDebugMaterials/ShadedLevelColorationLitMaterial.uasset" 442
"../../../Engine/Content/EngineDebugMaterials/ShadedLevelColorationLitMaterial.uexp" 443
"../../../Engine/Content/EngineDebugMaterials/ShadedLevelColorationUnlitMateri.uasset" 444
"../../../Engine/Content/EngineDebugMaterials/ShadedLevelColorationUnlitMateri.uexp" 445
"../../../Engine/Content/EngineDebugMaterials/VertexColorMaterial.uasset" 446
"../../../Engine/Content/EngineDebugMaterials/VertexColorMaterial.uexp" 447
"../../../Engine/Content/EngineDebugMaterials/VertexColorViewMode_AlphaAsColor.uasset" 448
"../../../Engine/Content/EngineDebugMaterials/VertexColorViewMode_AlphaAsColor.uexp" 449
"../../../Engine/Content/EngineDebugMaterials/VertexColorViewMode_BlueOnly.uasset" 450
"../../../Engine/Content/EngineDebugMaterials/VertexColorViewMode_BlueOnly.uexp" 451
"../../../Engine/Content/EngineDebugMaterials/VertexColorViewMode_ColorOnly.uasset" 452
"../../../Engine/Content/EngineDebugMaterials/VertexColorViewMode_ColorOnly.uexp" 453
"../../../Engine/Content/EngineDebugMaterials/VertexColorViewMode_GreenOnly.uasset" 454
"../../../Engine/Content/EngineDebugMaterials/VertexColorViewMode_GreenOnly.uexp" 455
"../../../Engine/Content/EngineDebugMaterials/VertexColorViewMode_RedOnly.uasset" 456
"../../../Engine/Content/EngineDebugMaterials/VertexColorViewMode_RedOnly.uexp" 457
"../../../Engine/Content/EngineDebugMaterials/WireframeMaterial.uasset" 458
"../../../Engine/Content/EngineDebugMaterials/WireframeMaterial.uexp" 459
"../../../Engine/Content/EngineFonts/Faces/RobotoRegular.uasset" 460
"../../../Engine/Content/EngineFonts/Faces/RobotoRegular.uexp" 461
"../../../Engine/Content/EngineFonts/Faces/RobotoRegular.ufont" 462
"../../../Engine/Content/EngineFonts/Faces/RobotoLight.uasset" 463
"../../../Engine/Content/EngineFonts/Faces/RobotoLight.uexp" 464
"../../../Engine/Content/EngineFonts/Faces/RobotoLight.ufont" 465
"../../../Engine/Content/EngineFonts/Faces/RobotoItalic.uasset" 466
"../../../Engine/Content/EngineFonts/Faces/RobotoItalic.uexp" 467
"../../../Engine/Content/EngineFonts/Faces/RobotoItalic.ufont" 468
"../../../Engine/Content/EngineFonts/Faces/RobotoBoldItalic.uasset" 469
"../../../Engine/Content/EngineFonts/Faces/RobotoBoldItalic.uexp" 470
"../../../Engine/Content/EngineFonts/Faces/RobotoBoldItalic.ufont" 471
"../../../Engine/Content/EngineFonts/Faces/RobotoBold.uasset" 472
"../../../Engine/Content/EngineFonts/Faces/RobotoBold.uexp" 473
"../../../Engine/Content/EngineFonts/Faces/RobotoBold.ufont" 474
"../../../Engine/Content/EngineFonts/Faces/DroidSansFallback.uasset" 475
"../../../Engine/Content/EngineFonts/Faces/DroidSansFallback.uexp" 476
"../../../Engine/Content/EngineFonts/Faces/DroidSansFallback.ufont" 477
"../../../Engine/Content/EngineFonts/Roboto.uasset" 478
"../../../Engine/Content/EngineFonts/Roboto.uexp" 479
"../../../Engine/Content/EngineFonts/Faces/RobotoTiny.uasset" 480
"../../../Engine/Content/EngineFonts/Faces/RobotoTiny.uexp" 481
"../../../Engine/Content/EngineFonts/Faces/RobotoTiny.ufont" 482
"../../../Engine/Content/EngineFonts/RobotoTiny.uasset" 483
"../../../Engine/Content/EngineFonts/RobotoTiny.uexp" 484
"../../../Engine/Content/EngineFonts/SmallFont.uasset" 485
"../../../Engine/Content/EngineFonts/SmallFont.uexp" 486
"../../../Engine/Content/EngineFonts/TinyFont.uasset" 487
"../../../Engine/Content/EngineFonts/TinyFont.uexp" 488
"../../../Engine/Content/EngineMaterials/BaseFlattenNormalMap.uasset" 489
"../../../Engine/Content/EngineMaterials/BaseFlattenNormalMap.uexp" 490
"../../../Engine/Content/EngineMaterials/BaseFlattenGrayscaleMap.uasset" 491
"../../../Engine/Content/EngineMaterials/BaseFlattenGrayscaleMap.uexp" 492
"../../../Engine/Content/EngineMaterials/BaseFlattenEmissiveMap.uasset" 493
"../../../Engine/Content/EngineMaterials/BaseFlattenEmissiveMap.uexp" 494
"../../../Engine/Content/EngineMaterials/BaseFlattenDiffuseMap.uasset" 495
"../../../Engine/Content/EngineMaterials/BaseFlattenDiffuseMap.uexp" 496
"../../../Engine/Content/EngineMaterials/BaseFlattenMaterial.uasset" 497
"../../../Engine/Content/EngineMaterials/BaseFlattenMaterial.uexp" 498
"../../../Engine/Content/EngineResources/WhiteSquareTexture.uasset" 499
"../../../Engine/Content/EngineResources/WhiteSquareTexture.uexp" 500
"../../../Engine/Content/EngineMaterials/BlinkingCaret.uasset" 501
"../../../Engine/Content/EngineMaterials/BlinkingCaret.uexp" 502
"../../../Engine/Content/EngineMaterials/BlueNoise.uasset" 503
"../../../Engine/Content/EngineMaterials/BlueNoise.uexp" 504
"../../../Engine/Content/EngineMaterials/DefaultBloomKernel.uasset" 505
"../../../Engine/Content/EngineMaterials/DefaultBloomKernel.uexp" 506
"../../../Engine/Content/EngineMaterials/DefaultBokeh.uasset" 507
"../../../Engine/Content/EngineMaterials/DefaultBokeh.uexp" 508
"../../../Engine/Content/EngineMaterials/DefaultDeferredDecalMaterial.uasset" 509
"../../../Engine/Content/EngineMaterials/DefaultDeferredDecalMaterial.uexp" 510
"../../../Engine/Content/EngineMaterials/DefaultLightFunctionMaterial.uasset" 511
"../../../Engine/Content/EngineMaterials/DefaultLightFunctionMaterial.uexp" 512
"../../../Engine/Content/EngineMaterials/DefaultNormal.uasset" 513
"../../../Engine/Content/EngineMaterials/DefaultNormal.uexp" 514
"../../../Engine/Content/EngineMaterials/DefaultNormal.ubulk" 515
"../../../Engine/Content/EngineMaterials/DefaultPostProcessMaterial.uasset" 516
"../../../Engine/Content/EngineMaterials/DefaultPostProcessMaterial.uexp" 517
"../../../Engine/Content/EngineFonts/RobotoDistanceField.uasset" 518
"../../../Engine/Content/EngineFonts/RobotoDistanceField.uexp" 519
"../../../Engine/Content/EngineMaterials/DefaultTextMaterialOpaque.uasset" 520
"../../../Engine/Content/EngineMaterials/DefaultTextMaterialOpaque.uexp" 521
"../../../Engine/Content/EngineMaterials/EditorBrushMaterial.uasset" 522
"../../../Engine/Content/EngineMaterials/EditorBrushMaterial.uexp" 523
"../../../Engine/Content/EngineMaterials/EmissiveMeshMaterial.uasset" 524
"../../../Engine/Content/EngineMaterials/EmissiveMeshMaterial.uexp" 525
"../../../Engine/Content/EngineMaterials/GizmoMaterial.uasset" 526
"../../../Engine/Content/EngineMaterials/GizmoMaterial.uexp" 527
"../../../Engine/Content/EngineMaterials/Grid_N.uasset" 528
"../../../Engine/Content/EngineMaterials/Grid_N.uexp" 529
"../../../Engine/Content/EngineMaterials/Grid_N.ubulk" 530
"../../../Engine/Content/EngineMaterials/HighResolutionScreenshotMaskFunction.uasset" 531
"../../../Engine/Content/EngineMaterials/HighResolutionScreenshotMaskFunction.uexp" 532
"../../../Engine/Content/EngineMaterials/HighResScreenshot.uasset" 533
"../../../Engine/Content/EngineMaterials/HighResScreenshot.uexp" 534
"../../../Engine/Content/EngineMaterials/HighResScreenshotCaptureRegion.uasset" 535
"../../../Engine/Content/EngineMaterials/HighResScreenshotCaptureRegion.uexp" 536
"../../../Engine/Content/EngineMaterials/HighResScreenshotMask.uasset" 537
"../../../Engine/Content/EngineMaterials/HighResScreenshotMask.uexp" 538
"../../../Engine/Content/EngineMaterials/LandscapeHolePhysicalMaterial.uasset" 539
"../../../Engine/Content/EngineMaterials/LandscapeHolePhysicalMaterial.uexp" 540
"../../../Engine/Content/EngineMaterials/InvalidLightmapSettings.uasset" 541
"../../../Engine/Content/EngineMaterials/InvalidLightmapSettings.uexp" 542
"../../../Engine/Content/EngineMaterials/InvalidLightmapSettings.ubulk" 543
"../../../Engine/Content/EngineMaterials/M_InvalidLightmapSettings.uasset" 544
"../../../Engine/Content/EngineMaterials/M_InvalidLightmapSettings.uexp" 545
"../../../Engine/Content/EngineMaterials/PaperDiffuse.uasset" 546
"../../../Engine/Content/EngineMaterials/PaperDiffuse.uexp" 547
"../../../Engine/Content/EngineMaterials/PaperNormal.uasset" 548
"../../../Engine/Content/EngineMaterials/PaperNormal.uexp" 549
"../../../Engine/Content/Functions/Engine_MaterialFunctions02/WorldPositionOffset/CameraOffset.uasset" 550
"../../../Engine/Content/Functions/Engine_MaterialFunctions02/WorldPositionOffset/CameraOffset.uexp" 551
"../../../Engine/Content/EngineMaterials/PhAT_JointLimitMaterial.uasset" 552
"../../../Engine/Content/EngineMaterials/PhAT_JointLimitMaterial.uexp" 553
"../../../Engine/Content/EngineMaterials/PhysMat_Rubber.uasset" 554
"../../../Engine/Content/EngineMaterials/PhysMat_Rubber.uexp" 555
"../../../Engine/Content/EngineMaterials/PreintegratedSkinBRDF.uasset" 556
"../../../Engine/Content/EngineMaterials/PreintegratedSkinBRDF.uexp" 557
"../../../Engine/Content/EngineMaterials/RemoveSurfaceMaterial.uasset" 558
"../../../Engine/Content/EngineMaterials/RemoveSurfaceMaterial.uexp" 559
"../../../Engine/Content/EngineMaterials/WeightMapPlaceholderTexture.uasset" 560
"../../../Engine/Content/EngineMaterials/WeightMapPlaceholderTexture.uexp" 561
"../../../Engine/Content/Functions/Engine_MaterialFunctions01/ImageAdjustment/sRGBToLinear.uasset" 562
"../../../Engine/Content/Functions/Engine_MaterialFunctions01/ImageAdjustment/sRGBToLinear.uexp" 563
"../../../Engine/Content/Functions/Engine_MaterialFunctions02/Utility/BreakOutFloat3Components.uasset" 564
"../../../Engine/Content/Functions/Engine_MaterialFunctions02/Utility/BreakOutFloat3Components.uexp" 565
"../../../Engine/Content/EngineMaterials/Widget3DCameraPassThrough_Opaque_OneSided.uasset" 566
"../../../Engine/Content/EngineMaterials/Widget3DCameraPassThrough_Opaque_OneSided.uexp" 567
"../../../Engine/Content/EngineMaterials/Widget3DPassThrough.uasset" 568
"../../../Engine/Content/EngineMaterials/Widget3DPassThrough.uexp" 569
"../../../Engine/Content/EngineMaterials/Widget3DPassThrough_Masked.uasset" 570
"../../../Engine/Content/EngineMaterials/Widget3DPassThrough_Masked.uexp" 571
"../../../Engine/Content/EngineMaterials/Widget3DPassThrough_Opaque.uasset" 572
"../../../Engine/Content/EngineMaterials/Widget3DPassThrough_Opaque.uexp" 573
"../../../Engine/Content/EngineMaterials/Widget3DPassThrough_Masked_OneSided.uasset" 574
"../../../Engine/Content/EngineMaterials/Widget3DPassThrough_Masked_OneSided.uexp" 575
"../../../Engine/Content/EngineMaterials/Widget3DPassThrough_Opaque_OneSided.uasset" 576
"../../../Engine/Content/EngineMaterials/Widget3DPassThrough_Opaque_OneSided.uexp" 577
"../../../Engine/Content/EngineMaterials/Widget3DPassThrough_Translucent.uasset" 578
"../../../Engine/Content/EngineMaterials/Widget3DPassThrough_Translucent.uexp" 579
"../../../Engine/Content/EngineMaterials/Widget3DPassThrough_Translucent_OneSided.uasset" 580
"../../../Engine/Content/EngineMaterials/Widget3DPassThrough_Translucent_OneSided.uexp" 581
"../../../Engine/Content/EngineMeshes/Cylinder.uasset" 582
"../../../Engine/Content/EngineMeshes/Cylinder.uexp" 583
"../../../Engine/Content/EngineMeshes/Sphere.uasset" 584
"../../../Engine/Content/EngineMeshes/Sphere.uexp" 585
"../../../Engine/Content/EngineResources/DefaultTexture.uasset" 586
"../../../Engine/Content/EngineResources/DefaultTexture.uexp" 587
"../../../Engine/Content/EngineResources/DefaultTexture.ubulk" 588
"../../../Engine/Content/EngineResources/DefaultTextureCube.uasset" 589
"../../../Engine/Content/EngineResources/DefaultTextureCube.uexp" 590
"../../../Engine/Content/EngineResources/DefaultVolumeTexture2D.uasset" 591
"../../../Engine/Content/EngineResources/DefaultVolumeTexture2D.uexp" 592
"../../../Engine/Content/EngineResources/DefaultVolumeTexture.uasset" 593
"../../../Engine/Content/EngineResources/DefaultVolumeTexture.uexp" 594
"../../../Engine/Content/EngineResources/GradientTexture0.uasset" 595
"../../../Engine/Content/EngineResources/GradientTexture0.uexp" 596
"../../../Engine/Content/EngineResources/StreamingPauseIcon.uasset" 597
"../../../Engine/Content/EngineResources/StreamingPauseIcon.uexp" 598
"../../../Engine/Content/EngineResources/M_StreamingPause.uasset" 599
"../../../Engine/Content/EngineResources/M_StreamingPause.uexp" 600
"../../../Engine/Content/EngineSky/VolumetricClouds/T_NoiseShape64.uasset" 601
"../../../Engine/Content/EngineSky/VolumetricClouds/T_NoiseShape64.uexp" 602
"../../../Engine/Content/EngineSky/VolumetricClouds/T_NoiseShape64.ubulk" 603
"../../../Engine/Content/EngineSky/VolumetricClouds/T_VolumeNoiseShape64.uasset" 604
"../../../Engine/Content/EngineSky/VolumetricClouds/T_VolumeNoiseShape64.uexp" 605
"../../../Engine/Content/EngineSky/VolumetricClouds/T_NoiseErosion.uasset" 606
"../../../Engine/Content/EngineSky/VolumetricClouds/T_NoiseErosion.uexp" 607
"../../../Engine/Content/EngineSky/VolumetricClouds/T_NoiseErosion.ubulk" 608
"../../../Engine/Content/EngineSky/VolumetricClouds/T_VolumeNoiseErosion32.uasset" 609
"../../../Engine/Content/EngineSky/VolumetricClouds/T_VolumeNoiseErosion32.uexp" 610
"../../../Engine/Content/EngineSky/VolumetricClouds/CloudWeatherTexture.uasset" 611
"../../../Engine/Content/EngineSky/VolumetricClouds/CloudWeatherTexture.uexp" 612
"../../../Engine/Content/EngineSky/VolumetricClouds/CloudGradientTexture.uasset" 613
"../../../Engine/Content/EngineSky/VolumetricClouds/CloudGradientTexture.uexp" 614
"../../../Engine/Content/EngineSky/VolumetricClouds/m_SimpleVolumetricCloud.uasset" 615
"../../../Engine/Content/EngineSky/VolumetricClouds/m_SimpleVolumetricCloud.uexp" 616
"../../../Engine/Content/EngineSky/VolumetricClouds/m_SimpleVolumetricCloud_Inst.uasset" 617
"../../../Engine/Content/EngineSky/VolumetricClouds/m_SimpleVolumetricCloud_Inst.uexp" 618
"../../../Engine/Content/EngineSounds/Master.uasset" 619
"../../../Engine/Content/EngineSounds/Master.uexp" 620
"../../../Engine/Content/Functions/Engine_MaterialFunctions01/Shading/PowerToRoughness.uasset" 621
"../../../Engine/Content/Functions/Engine_MaterialFunctions01/Shading/PowerToRoughness.uexp" 622
"../../../Engine/Content/Maps/Templates/Thumbnails/Default.uasset" 623
"../../../Engine/Content/Maps/Templates/Thumbnails/Default.uexp" 624
"../../../Engine/Content/Maps/Templates/Thumbnails/TimeOfDay.uasset" 625
"../../../Engine/Content/Maps/Templates/Thumbnails/TimeOfDay.uexp" 626
"../../../Engine/Content/Maps/Templates/Thumbnails/VR-Basic.uasset" 627
"../../../Engine/Content/Maps/Templates/Thumbnails/VR-Basic.uexp" 628
"../../../Engine/Content/MapTemplates/Sky/DaylightAmbientCubemap.uasset" 629
"../../../Engine/Content/MapTemplates/Sky/DaylightAmbientCubemap.uexp" 630
"../../../Engine/Content/MobileResources/T_MobileControls_texture.uasset" 631
"../../../Engine/Content/MobileResources/T_MobileControls_texture.uexp" 632
"../../../Engine/Content/MobileResources/T_MobileMenu2.uasset" 633
"../../../Engine/Content/MobileResources/T_MobileMenu2.uexp" 634
"../../../Engine/Content/MobileResources/HUD/AnalogHat.uasset" 635
"../../../Engine/Content/MobileResources/HUD/AnalogHat.uexp" 636
"../../../Engine/Content/MobileResources/HUD/VirtualJoystick_Thumb.uasset" 637
"../../../Engine/Content/MobileResources/HUD/VirtualJoystick_Thumb.uexp" 638
"../../../Engine/Content/MobileResources/HUD/VirtualJoystick_Background.uasset" 639
"../../../Engine/Content/MobileResources/HUD/VirtualJoystick_Background.uexp" 640
"../../../Engine/Content/MobileResources/HUD/DefaultVirtualJoysticks.uasset" 641
"../../../Engine/Content/MobileResources/HUD/DefaultVirtualJoysticks.uexp" 642
"../../../Engine/Content/MobileResources/HUD/LeftVirtualJoystickOnly.uasset" 643
"../../../Engine/Content/MobileResources/HUD/LeftVirtualJoystickOnly.uexp" 644
"../../../Engine/Content/MobileResources/HUD/MobileHUDButton1_off.uasset" 645
"../../../Engine/Content/MobileResources/HUD/MobileHUDButton1_off.uexp" 646
"../../../Engine/Content/MobileResources/HUD/MobileHUDButton1_on.uasset" 647
"../../../Engine/Content/MobileResources/HUD/MobileHUDButton1_on.uexp" 648
"../../../Engine/Content/MobileResources/HUD/MobileHUDButton2_off.uasset" 649
"../../../Engine/Content/MobileResources/HUD/MobileHUDButton2_off.uexp" 650
"../../../Engine/Content/MobileResources/HUD/MobileHUDButton2_on.uasset" 651
"../../../Engine/Content/MobileResources/HUD/MobileHUDButton2_on.uexp" 652
"../../../Engine/Content/MobileResources/HUD/MobileHUDButton3.uasset" 653
"../../../Engine/Content/MobileResources/HUD/MobileHUDButton3.uexp" 654
"../../../Engine/Content/MobileResources/HUD/MobileHUDButtonFire.uasset" 655
"../../../Engine/Content/MobileResources/HUD/MobileHUDButtonFire.uexp" 656
"../../../Engine/Content/MobileResources/HUD/MobileHUDDirectionPad.uasset" 657
"../../../Engine/Content/MobileResources/HUD/MobileHUDDirectionPad.uexp" 658
"../../../Engine/Content/MobileResources/HUD/MobileHUDDirectionPad2.uasset" 659
"../../../Engine/Content/MobileResources/HUD/MobileHUDDirectionPad2.uexp" 660
"../../../Engine/Content/MobileResources/HUD/MobileHUDDirectionPad3.uasset" 661
"../../../Engine/Content/MobileResources/HUD/MobileHUDDirectionPad3.uexp" 662
"../../../Engine/Content/MobileResources/HUD/MobileHUDDirectionStick.uasset" 663
"../../../Engine/Content/MobileResources/HUD/MobileHUDDirectionStick.uexp" 664
"../../../Engine/Content/MobileResources/HUD/T_Castle_ThumbstickInner.uasset" 665
"../../../Engine/Content/MobileResources/HUD/T_Castle_ThumbstickInner.uexp" 666
"../../../Engine/Content/MobileResources/HUD/T_Castle_ThumbstickOutter.uasset" 667
"../../../Engine/Content/MobileResources/HUD/T_Castle_ThumbstickOutter.uexp" 668
"../../../Engine/Content/Tutorial/ContentIntroCurve.uasset" 669
"../../../Engine/Content/Tutorial/ContentIntroCurve.uexp" 670
"../../../Engine/Content/Tutorial/Basics/TutorialAssets/icon_tab_Levels_40x.uasset" 671
"../../../Engine/Content/Tutorial/Basics/TutorialAssets/icon_tab_Levels_40x.uexp" 672
"../../../Engine/Content/Tutorial/BlueprintTutorials/TutorialAssets/Blueprint_64x.uasset" 673
"../../../Engine/Content/Tutorial/BlueprintTutorials/TutorialAssets/Blueprint_64x.uexp" 674
"../../../Engine/Content/VREditor/TransformGizmo/TranslucentTransformGizmoMaterial.uasset" 675
"../../../Engine/Content/VREditor/TransformGizmo/TranslucentTransformGizmoMaterial.uexp" 676
"../../../Engine/Content/VREditor/LaserPointer/VR_LaserPower_01.uasset" 677
"../../../Engine/Content/VREditor/LaserPointer/VR_LaserPower_01.uexp" 678
"../../../Engine/Content/VREditor/LaserPointer/VR_LaserPower_01.ubulk" 679
"../../../Engine/Content/VREditor/TransformGizmo/TransformGizmoMaterial.uasset" 680
"../../../Engine/Content/VREditor/TransformGizmo/TransformGizmoMaterial.uexp" 681
"../../../Engine/Content/VREditor/TransformGizmo/BoundingBoxCorner.uasset" 682
"../../../Engine/Content/VREditor/TransformGizmo/BoundingBoxCorner.uexp" 683
"../../../Engine/Content/VREditor/TransformGizmo/BoundingBoxEdge.uasset" 684
"../../../Engine/Content/VREditor/TransformGizmo/BoundingBoxEdge.uexp" 685
"../../../Engine/Content/VREditor/TransformGizmo/PlaneTranslationHandle.uasset" 686
"../../../Engine/Content/VREditor/TransformGizmo/PlaneTranslationHandle.uexp" 687
"../../../Engine/Content/VREditor/TransformGizmo/Xray.uasset" 688
"../../../Engine/Content/VREditor/TransformGizmo/Xray.uexp" 689
"../../../Engine/Content/VREditor/TransformGizmo/Main.uasset" 690
"../../../Engine/Content/VREditor/TransformGizmo/Main.uexp" 691
"../../../Engine/Content/VREditor/TransformGizmo/SM_Sequencer_Key.uasset" 692
"../../../Engine/Content/VREditor/TransformGizmo/SM_Sequencer_Key.uexp" 693
"../../../Engine/Content/VREditor/TransformGizmo/SM_Sequencer_Node.uasset" 694
"../../../Engine/Content/VREditor/TransformGizmo/SM_Sequencer_Node.uexp" 695
"C:/Users/audre/OneDrive/Desktop/Inventors_Workshop/Content/UI/NewWidgetBlueprint.uasset" 696
"C:/Users/audre/OneDrive/Desktop/Inventors_Workshop/Content/UI/NewWidgetBlueprint.uexp" 697
"../../../Engine/Plugins/2D/Paper2D/Content/PlaceholderTextures/DummySpriteTexture.uasset" 698
"../../../Engine/Plugins/2D/Paper2D/Content/PlaceholderTextures/DummySpriteTexture.uexp" 699
"../../../Engine/Plugins/2D/Paper2D/Content/PlaceholderTextures/DummySpriteTexture.ubulk" 700
"../../../Engine/Plugins/2D/Paper2D/Content/DummySprite.uasset" 701
"../../../Engine/Plugins/2D/Paper2D/Content/DummySprite.uexp" 702
"../../../Engine/Plugins/2D/Paper2D/Content/DefaultPaperTerrainMaterial.uasset" 703
"../../../Engine/Plugins/2D/Paper2D/Content/DefaultPaperTerrainMaterial.uexp" 704
"../../../Engine/Plugins/2D/Paper2D/Content/DefaultSpriteMaterial.uasset" 705
"../../../Engine/Plugins/2D/Paper2D/Content/DefaultSpriteMaterial.uexp" 706
"../../../Engine/Plugins/2D/Paper2D/Content/MaskedUnlitSpriteMaterial.uasset" 707
"../../../Engine/Plugins/2D/Paper2D/Content/MaskedUnlitSpriteMaterial.uexp" 708
"../../../Engine/Plugins/2D/Paper2D/Content/OpaqueUnlitSpriteMaterial.uasset" 709
"../../../Engine/Plugins/2D/Paper2D/Content/OpaqueUnlitSpriteMaterial.uexp" 710
"../../../Engine/Content/Functions/Engine_MaterialFunctions02/ObjectLocalBounds.uasset" 711
"../../../Engine/Content/Functions/Engine_MaterialFunctions02/ObjectLocalBounds.uexp" 712
"../../../Engine/Content/Functions/Engine_MaterialFunctions02/UVs/BoundingBoxBased_0-1_UVW.uasset" 713
"../../../Engine/Content/Functions/Engine_MaterialFunctions02/UVs/BoundingBoxBased_0-1_UVW.uexp" 714
"../../../Engine/Content/Functions/Engine_MaterialFunctions02/SafeNormalize.uasset" 715
"../../../Engine/Content/Functions/Engine_MaterialFunctions02/SafeNormalize.uexp" 716
"../../../Engine/Content/Functions/Engine_MaterialFunctions02/WorldPositionOffset/ObjectScale.uasset" 717
"../../../Engine/Content/Functions/Engine_MaterialFunctions02/WorldPositionOffset/ObjectScale.uexp" 718
"../../../Engine/Plugins/Editor/SpeedTreeImporter/Content/SpeedTree9/SpeedTreeBillboard.uasset" 719
"../../../Engine/Plugins/Editor/SpeedTreeImporter/Content/SpeedTree9/SpeedTreeBillboard.uexp" 720
"../../../Engine/Plugins/Editor/SpeedTreeImporter/Content/SpeedTree9/game_wind_noise.uasset" 721
"../../../Engine/Plugins/Editor/SpeedTreeImporter/Content/SpeedTree9/game_wind_noise.uexp" 722
"../../../Engine/Plugins/Editor/SpeedTreeImporter/Content/SpeedTree9/game_wind_noise.ubulk" 723
"../../../Engine/Plugins/Editor/SpeedTreeImporter/Content/SpeedTree9/EmptyNormal.uasset" 724
"../../../Engine/Plugins/Editor/SpeedTreeImporter/Content/SpeedTree9/EmptyNormal.uexp" 725
"../../../Engine/Plugins/Editor/SpeedTreeImporter/Content/SpeedTree9/Empty.uasset" 726
"../../../Engine/Plugins/Editor/SpeedTreeImporter/Content/SpeedTree9/Empty.uexp" 727
"../../../Engine/Plugins/Editor/SpeedTreeImporter/Content/SpeedTree9/UnpackInteger3.uasset" 728
"../../../Engine/Plugins/Editor/SpeedTreeImporter/Content/SpeedTree9/UnpackInteger3.uexp" 729
"../../../Engine/Plugins/Editor/SpeedTreeImporter/Content/SpeedTree9/UnpackDirection.uasset" 730
"../../../Engine/Plugins/Editor/SpeedTreeImporter/Content/SpeedTree9/UnpackDirection.uexp" 731
"../../../Engine/Plugins/Editor/SpeedTreeImporter/Content/SpeedTree9/SpeedTreeWindMotion.uasset" 732
"../../../Engine/Plugins/Editor/SpeedTreeImporter/Content/SpeedTree9/SpeedTreeWindMotion.uexp" 733
"../../../Engine/Plugins/Editor/SpeedTreeImporter/Content/SpeedTree9/SpeedTreeBranchMotion.uasset" 734
"../../../Engine/Plugins/Editor/SpeedTreeImporter/Content/SpeedTree9/SpeedTreeBranchMotion.uexp" 735
"../../../Engine/Plugins/Editor/SpeedTreeImporter/Content/SpeedTree9/SpeedTreeWind.uasset" 736
"../../../Engine/Plugins/Editor/SpeedTreeImporter/Content/SpeedTree9/SpeedTreeWind.uexp" 737
"../../../Engine/Plugins/Editor/SpeedTreeImporter/Content/SpeedTree9/SpeedTreeBillboardMaster.uasset" 738
"../../../Engine/Plugins/Editor/SpeedTreeImporter/Content/SpeedTree9/SpeedTreeBillboardMaster.uexp" 739
"../../../Engine/Plugins/Editor/SpeedTreeImporter/Content/SpeedTree9/SpeedTreeCameraFacing.uasset" 740
"../../../Engine/Plugins/Editor/SpeedTreeImporter/Content/SpeedTree9/SpeedTreeCameraFacing.uexp" 741
"../../../Engine/Plugins/Editor/SpeedTreeImporter/Content/SpeedTree9/SpeedTreeMaster.uasset" 742
"../../../Engine/Plugins/Editor/SpeedTreeImporter/Content/SpeedTree9/SpeedTreeMaster.uexp" 743
"../../../Engine/Plugins/FX/Niagara/Content/Icons/S_ParticleSystem.uasset" 744
"../../../Engine/Plugins/FX/Niagara/Content/Icons/S_ParticleSystem.uexp" 745
"../../../Engine/Plugins/FX/Niagara/Content/Icons/S_ParticleSystem.ubulk" 746
"../../../Engine/Content/BasicShapes/Cylinder.uasset" 747
"../../../Engine/Content/BasicShapes/Cylinder.uexp" 748
"../../../Engine/Content/ArtTools/RenderToTexture/Materials/Debug/M_Emissive_Color.uasset" 749
"../../../Engine/Content/ArtTools/RenderToTexture/Materials/Debug/M_Emissive_Color.uexp" 750
"../../../Engine/Content/EngineResources/Black.uasset" 751
"../../../Engine/Content/EngineResources/Black.uexp" 752
"../../../Engine/Plugins/Runtime/OpenXR/Content/Devices/GoogleDaydream/MRTexture.uasset" 753
"../../../Engine/Plugins/Runtime/OpenXR/Content/Devices/GoogleDaydream/MRTexture.uexp" 754
"../../../Engine/Plugins/Runtime/OpenXR/Content/Devices/GoogleDaydream/MRTexture.ubulk" 755
"../../../Engine/Plugins/Runtime/OpenXR/Content/Devices/GoogleDaydream/BaseTexture.uasset" 756
"../../../Engine/Plugins/Runtime/OpenXR/Content/Devices/GoogleDaydream/BaseTexture.uexp" 757
"../../../Engine/Plugins/Runtime/OpenXR/Content/Devices/GoogleDaydream/BaseTexture.ubulk" 758
"../../../Engine/Plugins/Runtime/OpenXR/Content/Devices/M_XRController.uasset" 759
"../../../Engine/Plugins/Runtime/OpenXR/Content/Devices/M_XRController.uexp" 760
"../../../Engine/Plugins/Runtime/OpenXR/Content/Devices/GoogleDaydream/MI_GoogleDaydream.uasset" 761
"../../../Engine/Plugins/Runtime/OpenXR/Content/Devices/GoogleDaydream/MI_GoogleDaydream.uexp" 762
"../../../Engine/Plugins/Runtime/OpenXR/Content/Devices/GoogleDaydream/GoogleDaydreamController.uasset" 763
"../../../Engine/Plugins/Runtime/OpenXR/Content/Devices/GoogleDaydream/GoogleDaydreamController.uexp" 764
"../../../Engine/Plugins/Runtime/OpenXR/Content/Devices/HTCVive/BaseTexture.uasset" 765
"../../../Engine/Plugins/Runtime/OpenXR/Content/Devices/HTCVive/BaseTexture.uexp" 766
"../../../Engine/Plugins/Runtime/OpenXR/Content/Devices/HTCVive/BaseTexture.ubulk" 767
"../../../Engine/Plugins/Runtime/OpenXR/Content/Devices/HTCVive/MI_HTCVive.uasset" 768
"../../../Engine/Plugins/Runtime/OpenXR/Content/Devices/HTCVive/MI_HTCVive.uexp" 769
"../../../Engine/Plugins/Runtime/OpenXR/Content/Devices/HTCVive/HTCViveController.uasset" 770
"../../../Engine/Plugins/Runtime/OpenXR/Content/Devices/HTCVive/HTCViveController.uexp" 771
"../../../Engine/Plugins/Runtime/OpenXR/Content/Devices/MicrosoftMixedReality/NormalTexture.uasset" 772
"../../../Engine/Plugins/Runtime/OpenXR/Content/Devices/MicrosoftMixedReality/NormalTexture.uexp" 773
"../../../Engine/Plugins/Runtime/OpenXR/Content/Devices/MicrosoftMixedReality/NormalTexture.ubulk" 774
"../../../Engine/Plugins/Runtime/OpenXR/Content/Devices/MicrosoftMixedReality/MRTexture.uasset" 775
"../../../Engine/Plugins/Runtime/OpenXR/Content/Devices/MicrosoftMixedReality/MRTexture.uexp" 776
"../../../Engine/Plugins/Runtime/OpenXR/Content/Devices/MicrosoftMixedReality/MRTexture.ubulk" 777
"../../../Engine/Plugins/Runtime/OpenXR/Content/Devices/MicrosoftMixedReality/EmissiveTexture.uasset" 778
"../../../Engine/Plugins/Runtime/OpenXR/Content/Devices/MicrosoftMixedReality/EmissiveTexture.uexp" 779
"../../../Engine/Plugins/Runtime/OpenXR/Content/Devices/MicrosoftMixedReality/EmissiveTexture.ubulk" 780
"../../../Engine/Plugins/Runtime/OpenXR/Content/Devices/MicrosoftMixedReality/BaseTexture.uasset" 781
"../../../Engine/Plugins/Runtime/OpenXR/Content/Devices/MicrosoftMixedReality/BaseTexture.uexp" 782
"../../../Engine/Plugins/Runtime/OpenXR/Content/Devices/MicrosoftMixedReality/BaseTexture.ubulk" 783
"../../../Engine/Plugins/Runtime/OpenXR/Content/Devices/MicrosoftMixedReality/MI_MicrosoftMixedReality.uasset" 784
"../../../Engine/Plugins/Runtime/OpenXR/Content/Devices/MicrosoftMixedReality/MI_MicrosoftMixedReality.uexp" 785
"../../../Engine/Plugins/Runtime/OpenXR/Content/Devices/MicrosoftMixedReality/Left/left_MicrosoftMixedRealityController.uasset" 786
"../../../Engine/Plugins/Runtime/OpenXR/Content/Devices/MicrosoftMixedReality/Left/left_MicrosoftMixedRealityController.uexp" 787
"../../../Engine/Plugins/Runtime/OpenXR/Content/Devices/MicrosoftMixedReality/Right/right_MicrosoftMixedRealityController.uasset" 788
"../../../Engine/Plugins/Runtime/OpenXR/Content/Devices/MicrosoftMixedReality/Right/right_MicrosoftMixedRealityController.uexp" 789
"../../../Engine/Plugins/Runtime/OpenXR/Content/Devices/OculusGo/BaseTexture.uasset" 790
"../../../Engine/Plugins/Runtime/OpenXR/Content/Devices/OculusGo/BaseTexture.uexp" 791
"../../../Engine/Plugins/Runtime/OpenXR/Content/Devices/OculusGo/BaseTexture.ubulk" 792
"../../../Engine/Plugins/Runtime/OpenXR/Content/Devices/OculusGo/MI_OculusGo.uasset" 793
"../../../Engine/Plugins/Runtime/OpenXR/Content/Devices/OculusGo/MI_OculusGo.uexp" 794
"../../../Engine/Plugins/Runtime/OpenXR/Content/Devices/OculusGo/OculusGoController.uasset" 795
"../../../Engine/Plugins/Runtime/OpenXR/Content/Devices/OculusGo/OculusGoController.uexp" 796
"../../../Engine/Plugins/Runtime/OpenXR/Content/Devices/OculusTouch/MRTexture.uasset" 797
"../../../Engine/Plugins/Runtime/OpenXR/Content/Devices/OculusTouch/MRTexture.uexp" 798
"../../../Engine/Plugins/Runtime/OpenXR/Content/Devices/OculusTouch/MRTexture.ubulk" 799
"../../../Engine/Plugins/Runtime/OpenXR/Content/Devices/OculusTouch/BaseTexture.uasset" 800
"../../../Engine/Plugins/Runtime/OpenXR/Content/Devices/OculusTouch/BaseTexture.uexp" 801
"../../../Engine/Plugins/Runtime/OpenXR/Content/Devices/OculusTouch/BaseTexture.ubulk" 802
"../../../Engine/Plugins/Runtime/OpenXR/Content/Devices/OculusTouch/MI_OculusTouch.uasset" 803
"../../../Engine/Plugins/Runtime/OpenXR/Content/Devices/OculusTouch/MI_OculusTouch.uexp" 804
"../../../Engine/Plugins/Runtime/OpenXR/Content/Devices/OculusTouch/Left/left_OculusTouchController.uasset" 805
"../../../Engine/Plugins/Runtime/OpenXR/Content/Devices/OculusTouch/Left/left_OculusTouchController.uexp" 806
"../../../Engine/Plugins/Runtime/OpenXR/Content/Devices/OculusTouch/Right/right_OculusTouchController.uasset" 807
"../../../Engine/Plugins/Runtime/OpenXR/Content/Devices/OculusTouch/Right/right_OculusTouchController.uexp" 808
"../../../Engine/Plugins/Runtime/OpenXR/Content/Devices/OculusTouch_v3/MRTexture.uasset" 809
"../../../Engine/Plugins/Runtime/OpenXR/Content/Devices/OculusTouch_v3/MRTexture.uexp" 810
"../../../Engine/Plugins/Runtime/OpenXR/Content/Devices/OculusTouch_v3/MRTexture.ubulk" 811
"../../../Engine/Plugins/Runtime/OpenXR/Content/Devices/OculusTouch_v3/BaseTexture.uasset" 812
"../../../Engine/Plugins/Runtime/OpenXR/Content/Devices/OculusTouch_v3/BaseTexture.uexp" 813
"../../../Engine/Plugins/Runtime/OpenXR/Content/Devices/OculusTouch_v3/BaseTexture.ubulk" 814
"../../../Engine/Plugins/Runtime/OpenXR/Content/Devices/OculusTouch_v3/MI_OculusTouch_v3.uasset" 815
"../../../Engine/Plugins/Runtime/OpenXR/Content/Devices/OculusTouch_v3/MI_OculusTouch_v3.uexp" 816
"../../../Engine/Plugins/Runtime/OpenXR/Content/Devices/OculusTouch_v3/Left/left_OculusTouch_v3Controller.uasset" 817
"../../../Engine/Plugins/Runtime/OpenXR/Content/Devices/OculusTouch_v3/Left/left_OculusTouch_v3Controller.uexp" 818
"../../../Engine/Plugins/Runtime/OpenXR/Content/Devices/OculusTouch_v3/Right/right_OculusTouch_v3Controller.uasset" 819
"../../../Engine/Plugins/Runtime/OpenXR/Content/Devices/OculusTouch_v3/Right/right_OculusTouch_v3Controller.uexp" 820
"../../../Engine/Plugins/Runtime/OpenXR/Content/Devices/ValveIndex/MRTexture.uasset" 821
"../../../Engine/Plugins/Runtime/OpenXR/Content/Devices/ValveIndex/MRTexture.uexp" 822
"../../../Engine/Plugins/Runtime/OpenXR/Content/Devices/ValveIndex/MRTexture.ubulk" 823
"../../../Engine/Plugins/Runtime/OpenXR/Content/Devices/ValveIndex/BaseTexture.uasset" 824
"../../../Engine/Plugins/Runtime/OpenXR/Content/Devices/ValveIndex/BaseTexture.uexp" 825
"../../../Engine/Plugins/Runtime/OpenXR/Content/Devices/ValveIndex/BaseTexture.ubulk" 826
"../../../Engine/Plugins/Runtime/OpenXR/Content/Devices/ValveIndex/Left/MI_left_ValveIndex.uasset" 827
"../../../Engine/Plugins/Runtime/OpenXR/Content/Devices/ValveIndex/Left/MI_left_ValveIndex.uexp" 828
"../../../Engine/Plugins/Runtime/OpenXR/Content/Devices/ValveIndex/Left/left_ValveIndexController.uasset" 829
"../../../Engine/Plugins/Runtime/OpenXR/Content/Devices/ValveIndex/Left/left_ValveIndexController.uexp" 830
"../../../Engine/Plugins/Runtime/OpenXR/Content/Devices/ValveIndex/Right/MI_right_ValveIndex.uasset" 831
"../../../Engine/Plugins/Runtime/OpenXR/Content/Devices/ValveIndex/Right/MI_right_ValveIndex.uexp" 832
"../../../Engine/Plugins/Runtime/OpenXR/Content/Devices/ValveIndex/Right/right_ValveIndexController.uasset" 833
"../../../Engine/Plugins/Runtime/OpenXR/Content/Devices/ValveIndex/Right/right_ValveIndexController.uexp" 834
"../../../Engine/Plugins/Runtime/ResonanceAudio/Content/ResonanceReverbDefault.uasset" 835
"../../../Engine/Plugins/Runtime/ResonanceAudio/Content/ResonanceReverbDefault.uexp" 836
"../../../Engine/Plugins/Runtime/ResonanceAudio/Content/ResonanceSubmixDefault.uasset" 837
"../../../Engine/Plugins/Runtime/ResonanceAudio/Content/ResonanceSubmixDefault.uexp" 838
"../../../Engine/Content/Maps/Entry_BuiltData.uasset" 839
"../../../Engine/Content/Maps/Entry_BuiltData.uexp" 840
"../../../Engine/Content/Maps/Entry.uexp" 841
"../../../Engine/Content/Maps/Entry.umap" 842
"../../../Engine/Content/EngineSky/T_Sky_Stars.uasset" 843
"../../../Engine/Content/EngineSky/T_Sky_Stars.uexp" 844
"../../../Engine/Content/EngineSky/T_Sky_Stars.ubulk" 845
"../../../Engine/Content/EngineSky/T_Sky_Clouds_M.uasset" 846
"../../../Engine/Content/EngineSky/T_Sky_Clouds_M.uexp" 847
"../../../Engine/Content/EngineSky/T_Sky_Clouds_M.ubulk" 848
"../../../Engine/Content/EngineSky/T_Sky_Blue.uasset" 849
"../../../Engine/Content/EngineSky/T_Sky_Blue.uexp" 850
"../../../Engine/Content/EngineSky/T_Sky_Blue.ubulk" 851
"../../../Engine/Content/EngineSky/M_Sky_Panning_Clouds2.uasset" 852
"../../../Engine/Content/EngineSky/M_Sky_Panning_Clouds2.uexp" 853
"../../../Engine/Content/EngineSky/SM_SkySphere.uasset" 854
"../../../Engine/Content/EngineSky/SM_SkySphere.uexp" 855
"../../../Engine/Content/EngineSky/C_Sky_Zenith_Color.uasset" 856
"../../../Engine/Content/EngineSky/C_Sky_Zenith_Color.uexp" 857
"../../../Engine/Content/EngineSky/C_Sky_Horizon_Color.uasset" 858
"../../../Engine/Content/EngineSky/C_Sky_Horizon_Color.uexp" 859
"../../../Engine/Content/EngineSky/C_Sky_Cloud_Color.uasset" 860
"../../../Engine/Content/EngineSky/C_Sky_Cloud_Color.uexp" 861
"../../../Engine/Content/EditorBlueprintResources/StandardMacros.uasset" 862
"../../../Engine/Content/EditorBlueprintResources/StandardMacros.uexp" 863
"../../../Engine/Content/EngineSky/BP_Sky_Sphere.uasset" 864
"../../../Engine/Content/EngineSky/BP_Sky_Sphere.uexp" 865
"../../../Engine/Content/BasicShapes/Cube.uasset" 866
"../../../Engine/Content/BasicShapes/Cube.uexp" 867
"../../../Engine/Content/BasicShapes/BasicShapeMaterial.uasset" 868
"../../../Engine/Content/BasicShapes/BasicShapeMaterial.uexp" 869
"C:/Users/audre/OneDrive/Desktop/Inventors_Workshop/Content/VRTemplate/Maps/VRTemplateMap_BuiltData.uasset" 870
"C:/Users/audre/OneDrive/Desktop/Inventors_Workshop/Content/VRTemplate/Maps/VRTemplateMap_BuiltData.uexp" 871
"C:/Users/audre/OneDrive/Desktop/Inventors_Workshop/Content/VRTemplate/Maps/VRTemplateMap_BuiltData.ubulk" 872
"C:/Users/audre/OneDrive/Desktop/Inventors_Workshop/Content/VRTemplate/Textures/T_Grid.uasset" 873
"C:/Users/audre/OneDrive/Desktop/Inventors_Workshop/Content/VRTemplate/Textures/T_Grid.uexp" 874
"C:/Users/audre/OneDrive/Desktop/Inventors_Workshop/Content/VRTemplate/Textures/T_Grid.ubulk" 875
"../../../Engine/Content/Functions/Engine_MaterialFunctions01/Gradient/LinearGradient.uasset" 876
"../../../Engine/Content/Functions/Engine_MaterialFunctions01/Gradient/LinearGradient.uexp" 877
"../../../Engine/Content/Functions/Engine_MaterialFunctions01/ImageAdjustment/CheapContrast.uasset" 878
"../../../Engine/Content/Functions/Engine_MaterialFunctions01/ImageAdjustment/CheapContrast.uexp" 879
"../../../Engine/Content/Functions/Engine_MaterialFunctions01/Texturing/WorldAlignedTexture.uasset" 880
"../../../Engine/Content/Functions/Engine_MaterialFunctions01/Texturing/WorldAlignedTexture.uexp" 881
"C:/Users/audre/OneDrive/Desktop/Inventors_Workshop/Content/VRTemplate/Materials/M_GridRotation.uasset" 882
"C:/Users/audre/OneDrive/Desktop/Inventors_Workshop/Content/VRTemplate/Materials/M_GridRotation.uexp" 883
"C:/Users/audre/OneDrive/Desktop/Inventors_Workshop/Content/VRTemplate/Materials/MI_Grid_Default.uasset" 884
"C:/Users/audre/OneDrive/Desktop/Inventors_Workshop/Content/VRTemplate/Materials/MI_Grid_Default.uexp" 885
"C:/Users/audre/OneDrive/Desktop/Inventors_Workshop/Content/VRTemplate/Materials/MI_Grid_Accent.uasset" 886
"C:/Users/audre/OneDrive/Desktop/Inventors_Workshop/Content/VRTemplate/Materials/MI_Grid_Accent.uexp" 887
"../../../Engine/Plugins/Runtime/OpenXR/Content/Devices/OculusTouch_v2/MRTexture.uasset" 888
"../../../Engine/Plugins/Runtime/OpenXR/Content/Devices/OculusTouch_v2/MRTexture.uexp" 889
"../../../Engine/Plugins/Runtime/OpenXR/Content/Devices/OculusTouch_v2/MRTexture.ubulk" 890
"../../../Engine/Plugins/Runtime/OpenXR/Content/Devices/OculusTouch_v2/BaseTexture.uasset" 891
"../../../Engine/Plugins/Runtime/OpenXR/Content/Devices/OculusTouch_v2/BaseTexture.uexp" 892
"../../../Engine/Plugins/Runtime/OpenXR/Content/Devices/OculusTouch_v2/BaseTexture.ubulk" 893
"../../../Engine/Plugins/Runtime/OpenXR/Content/Devices/OculusTouch_v2/MI_OculusTouch_v2.uasset" 894
"../../../Engine/Plugins/Runtime/OpenXR/Content/Devices/OculusTouch_v2/MI_OculusTouch_v2.uexp" 895
"../../../Engine/Plugins/Runtime/OpenXR/Content/Devices/OculusTouch_v2/Right/right_OculusTouch_v2Controller.uasset" 896
"../../../Engine/Plugins/Runtime/OpenXR/Content/Devices/OculusTouch_v2/Right/right_OculusTouch_v2Controller.uexp" 897
"../../../Engine/Plugins/Runtime/OpenXR/Content/Devices/OculusTouch_v2/Left/left_OculusTouch_v2Controller.uasset" 898
"../../../Engine/Plugins/Runtime/OpenXR/Content/Devices/OculusTouch_v2/Left/left_OculusTouch_v2Controller.uexp" 899
"../../../Engine/Plugins/FX/Niagara/Content/Modules/Update/Color/Color.uasset" 900
"../../../Engine/Plugins/FX/Niagara/Content/Modules/Update/Color/Color.uexp" 901
"../../../Engine/Plugins/FX/Niagara/Content/Enums/ENiagaraRandomnessMode.uasset" 902
"../../../Engine/Plugins/FX/Niagara/Content/Enums/ENiagaraRandomnessMode.uexp" 903
"../../../Engine/Plugins/FX/Niagara/Content/Functions/GetRandomInfo.uasset" 904
"../../../Engine/Plugins/FX/Niagara/Content/Functions/GetRandomInfo.uexp" 905
"../../../Engine/Plugins/FX/Niagara/Content/Functions/RandomRangeFloat.uasset" 906
"../../../Engine/Plugins/FX/Niagara/Content/Functions/RandomRangeFloat.uexp" 907
"../../../Engine/Plugins/FX/Niagara/Content/Functions/Localspace/SimulationPosition.uasset" 908
"../../../Engine/Plugins/FX/Niagara/Content/Functions/Localspace/SimulationPosition.uexp" 909
"../../../Engine/Plugins/FX/Niagara/Content/Modules/Spawn/Initialization/InitializeParticle.uasset" 910
"../../../Engine/Plugins/FX/Niagara/Content/Modules/Spawn/Initialization/InitializeParticle.uexp" 911
"../../../Engine/Plugins/FX/Niagara/Content/Functions/DirectionAndLengthSafe.uasset" 912
"../../../Engine/Plugins/FX/Niagara/Content/Functions/DirectionAndLengthSafe.uexp" 913
"../../../Engine/Plugins/FX/Niagara/Content/Modules/Solvers/SolveForcesAndVelocity.uasset" 914
"../../../Engine/Plugins/FX/Niagara/Content/Modules/Solvers/SolveForcesAndVelocity.uexp" 915
"../../../Engine/Plugins/FX/Niagara/Content/DynamicInputs/ValueFromCurve/FloatFromCurve.uasset" 916
"../../../Engine/Plugins/FX/Niagara/Content/DynamicInputs/ValueFromCurve/FloatFromCurve.uexp" 917
"../../../Engine/Plugins/FX/Niagara/Content/DynamicInputs/ValueFromCurve/ColorFromCurve.uasset" 918
"../../../Engine/Plugins/FX/Niagara/Content/DynamicInputs/ValueFromCurve/ColorFromCurve.uexp" 919
"../../../Engine/Plugins/FX/Niagara/Content/Enums/ENiagaraSystemInactiveMode.uasset" 920
"../../../Engine/Plugins/FX/Niagara/Content/Enums/ENiagaraSystemInactiveMode.uexp" 921
"../../../Engine/Plugins/FX/Niagara/Content/Enums/ENiagaraInactiveMode.uasset" 922
"../../../Engine/Plugins/FX/Niagara/Content/Enums/ENiagaraInactiveMode.uexp" 923
"../../../Engine/Plugins/FX/Niagara/Content/Enums/ENiagaraEmitterScalabilityMode_Limited.uasset" 924
"../../../Engine/Plugins/FX/Niagara/Content/Enums/ENiagaraEmitterScalabilityMode_Limited.uexp" 925
"../../../Engine/Plugins/FX/Niagara/Content/Enums/ENiagara_InfiniteLoopDuration.uasset" 926
"../../../Engine/Plugins/FX/Niagara/Content/Enums/ENiagara_InfiniteLoopDuration.uexp" 927
"../../../Engine/Plugins/FX/Niagara/Content/Enums/ENiagara_EmitterStateOptions.uasset" 928
"../../../Engine/Plugins/FX/Niagara/Content/Enums/ENiagara_EmitterStateOptions.uexp" 929
"../../../Engine/Plugins/FX/Niagara/Content/Modules/Update/Lifetime/ParticleState.uasset" 930
"../../../Engine/Plugins/FX/Niagara/Content/Modules/Update/Lifetime/ParticleState.uexp" 931
"../../../Engine/Plugins/FX/Niagara/Content/Functions/System/SystemChangeState.uasset" 932
"../../../Engine/Plugins/FX/Niagara/Content/Functions/System/SystemChangeState.uexp" 933
"../../../Engine/Plugins/FX/Niagara/Content/Modules/System/SystemState.uasset" 934
"../../../Engine/Plugins/FX/Niagara/Content/Modules/System/SystemState.uexp" 935
"../../../Engine/Plugins/FX/Niagara/Content/Enums/ENiagaraRandomnessEvaluation.uasset" 936
"../../../Engine/Plugins/FX/Niagara/Content/Enums/ENiagaraRandomnessEvaluation.uexp" 937
"../../../Engine/Plugins/FX/Niagara/Content/Functions/V2/CalculateRandomRangeFloat.uasset" 938
"../../../Engine/Plugins/FX/Niagara/Content/Functions/V2/CalculateRandomRangeFloat.uexp" 939
"../../../Engine/Plugins/FX/Niagara/Content/Modules/Emitter/SpawnBurst_Instantaneous.uasset" 940
"../../../Engine/Plugins/FX/Niagara/Content/Modules/Emitter/SpawnBurst_Instantaneous.uexp" 941
"../../../Engine/Plugins/FX/Niagara/Content/Functions/Emitter/EmitterChangeState.uasset" 942
"../../../Engine/Plugins/FX/Niagara/Content/Functions/Emitter/EmitterChangeState.uexp" 943
"../../../Engine/Plugins/FX/Niagara/Content/Enums/ENiagaraExecutionStateManagement.uasset" 944
"../../../Engine/Plugins/FX/Niagara/Content/Enums/ENiagaraExecutionStateManagement.uexp" 945
"../../../Engine/Plugins/FX/Niagara/Content/Enums/ENiagaraEmitterLifeCycleMode.uasset" 946
"../../../Engine/Plugins/FX/Niagara/Content/Enums/ENiagaraEmitterLifeCycleMode.uexp" 947
"../../../Engine/Plugins/FX/Niagara/Content/Modules/Emitter/EmitterState.uasset" 948
"../../../Engine/Plugins/FX/Niagara/Content/Modules/Emitter/EmitterState.uexp" 949
"../../../Engine/Plugins/FX/Niagara/Content/Functions/Spline/FindPositionOnBezierSpline.uasset" 950
"../../../Engine/Plugins/FX/Niagara/Content/Functions/Spline/FindPositionOnBezierSpline.uexp" 951
"../../../Engine/Plugins/FX/Niagara/Content/Functions/NormalizedExecutionIndex.uasset" 952
"../../../Engine/Plugins/FX/Niagara/Content/Functions/NormalizedExecutionIndex.uexp" 953
"../../../Engine/Plugins/FX/Niagara/Content/Modules/Beams/SpawnBeam.uasset" 954
"../../../Engine/Plugins/FX/Niagara/Content/Modules/Beams/SpawnBeam.uexp" 955
"../../../Engine/Plugins/FX/Niagara/Content/Modules/Beams/BeamWidth.uasset" 956
"../../../Engine/Plugins/FX/Niagara/Content/Modules/Beams/BeamWidth.uexp" 957
"../../../Engine/Plugins/FX/Niagara/Content/Functions/Localspace/TransformBase.uasset" 958
"../../../Engine/Plugins/FX/Niagara/Content/Functions/Localspace/TransformBase.uexp" 959
"../../../Engine/Plugins/FX/Niagara/Content/Functions/Localspace/TransformVector.uasset" 960
"../../../Engine/Plugins/FX/Niagara/Content/Functions/Localspace/TransformVector.uexp" 961
"../../../Engine/Plugins/FX/Niagara/Content/Functions/Localspace/TransformPosition.uasset" 962
"../../../Engine/Plugins/FX/Niagara/Content/Functions/Localspace/TransformPosition.uexp" 963
"../../../Engine/Plugins/FX/Niagara/Content/DynamicInputs/Multiply/Multiply_VectorByFloat.uasset" 964
"../../../Engine/Plugins/FX/Niagara/Content/DynamicInputs/Multiply/Multiply_VectorByFloat.uexp" 965
"../../../Engine/Plugins/FX/Niagara/Content/DynamicInputs/Helpers/SimulationPosition.uasset" 966
"../../../Engine/Plugins/FX/Niagara/Content/DynamicInputs/Helpers/SimulationPosition.uexp" 967
"../../../Engine/Plugins/FX/Niagara/Content/Modules/Beams/BeamEmitterSetup.uasset" 968
"../../../Engine/Plugins/FX/Niagara/Content/Modules/Beams/BeamEmitterSetup.uexp" 969
"C:/Users/audre/OneDrive/Desktop/Inventors_Workshop/Content/VRTemplate/VFX/NPC_VRTemplate.uasset" 970
"C:/Users/audre/OneDrive/Desktop/Inventors_Workshop/Content/VRTemplate/VFX/NPC_VRTemplate.uexp" 971
"C:/Users/audre/OneDrive/Desktop/Inventors_Workshop/Content/VRTemplate/Materials/DefaultRibbonMaterial_NoGradient.uasset" 972
"C:/Users/audre/OneDrive/Desktop/Inventors_Workshop/Content/VRTemplate/Materials/DefaultRibbonMaterial_NoGradient.uexp" 973
"C:/Users/audre/OneDrive/Desktop/Inventors_Workshop/Content/VRTemplate/VFX/NS_TeleportTrace.uasset" 974
"C:/Users/audre/OneDrive/Desktop/Inventors_Workshop/Content/VRTemplate/VFX/NS_TeleportTrace.uexp" 975
"../../../Engine/Plugins/FX/Niagara/Content/Enums/ENiagaraTorusMode.uasset" 976
"../../../Engine/Plugins/FX/Niagara/Content/Enums/ENiagaraTorusMode.uexp" 977
"../../../Engine/Plugins/FX/Niagara/Content/Functions/RandomRange.uasset" 978
"../../../Engine/Plugins/FX/Niagara/Content/Functions/RandomRange.uexp" 979
"../../../Engine/Plugins/FX/Niagara/Content/Functions/PolarToCartesianCoordinates.uasset" 980
"../../../Engine/Plugins/FX/Niagara/Content/Functions/PolarToCartesianCoordinates.uexp" 981
"../../../Engine/Plugins/FX/Niagara/Content/Functions/ParametricTorusKnot.uasset" 982
"../../../Engine/Plugins/FX/Niagara/Content/Functions/ParametricTorusKnot.uexp" 983
"../../../Engine/Plugins/FX/Niagara/Content/Functions/ParametricTorus.uasset" 984
"../../../Engine/Plugins/FX/Niagara/Content/Functions/ParametricTorus.uexp" 985
"../../../Engine/Plugins/FX/Niagara/Content/Functions/Rotation/AxisAngleToQuaternion.uasset" 986
"../../../Engine/Plugins/FX/Niagara/Content/Functions/Rotation/AxisAngleToQuaternion.uexp" 987
"../../../Engine/Plugins/FX/Niagara/Content/Functions/Rotation/MultiplyQuaternion.uasset" 988
"../../../Engine/Plugins/FX/Niagara/Content/Functions/Rotation/MultiplyQuaternion.uexp" 989
"../../../Engine/Plugins/FX/Niagara/Content/Functions/Rotation/MultiplyVectorWithQuaternion.uasset" 990
"../../../Engine/Plugins/FX/Niagara/Content/Functions/Rotation/MultiplyVectorWithQuaternion.uexp" 991
"../../../Engine/Plugins/FX/Niagara/Content/Functions/Rotation/FindQuatBetween.uasset" 992
"../../../Engine/Plugins/FX/Niagara/Content/Functions/Rotation/FindQuatBetween.uexp" 993
"../../../Engine/Plugins/FX/Niagara/Content/Enums/ENiagaraTorusDistributionMode.uasset" 994
"../../../Engine/Plugins/FX/Niagara/Content/Enums/ENiagaraTorusDistributionMode.uexp" 995
"../../../Engine/Plugins/FX/Niagara/Content/Modules/Spawn/Location/TorusLocation.uasset" 996
"../../../Engine/Plugins/FX/Niagara/Content/Modules/Spawn/Location/TorusLocation.uexp" 997
"../../../Engine/Plugins/FX/Niagara/Content/Functions/LinearColor/HueShiftLinearColor.uasset" 998
"../../../Engine/Plugins/FX/Niagara/Content/Functions/LinearColor/HueShiftLinearColor.uexp" 999
"../../../Engine/Plugins/FX/Niagara/Content/Functions/V2/CalculateRandomRange.uasset" 1000
"../../../Engine/Plugins/FX/Niagara/Content/Functions/V2/CalculateRandomRange.uexp" 1001
"../../../Engine/Plugins/FX/Niagara/Content/Enums/Ribbons/ENiagara_UnsetDirectSet.uasset" 1002
"../../../Engine/Plugins/FX/Niagara/Content/Enums/Ribbons/ENiagara_UnsetDirectSet.uexp" 1003
"../../../Engine/Plugins/FX/Niagara/Content/Enums/ENiagaraChannelCorrelation.uasset" 1004
"../../../Engine/Plugins/FX/Niagara/Content/Enums/ENiagaraChannelCorrelation.uexp" 1005
"../../../Engine/Plugins/FX/Niagara/Content/Enums/ENiagara_PositionInitializationMode.uasset" 1006
"../../../Engine/Plugins/FX/Niagara/Content/Enums/ENiagara_PositionInitializationMode.uexp" 1007
"../../../Engine/Plugins/FX/Niagara/Content/Enums/ENiagara_MassInitializationMode.uasset" 1008
"../../../Engine/Plugins/FX/Niagara/Content/Enums/ENiagara_MassInitializationMode.uexp" 1009
"../../../Engine/Plugins/FX/Niagara/Content/Enums/ENiagara_LifetimeMode.uasset" 1010
"../../../Engine/Plugins/FX/Niagara/Content/Enums/ENiagara_LifetimeMode.uexp" 1011
"../../../Engine/Plugins/FX/Niagara/Content/Enums/ENiagara_ColorInitializationMode.uasset" 1012
"../../../Engine/Plugins/FX/Niagara/Content/Enums/ENiagara_ColorInitializationMode.uexp" 1013
"../../../Engine/Plugins/FX/Niagara/Content/Modules/Spawn/Initialization/InitializeRibbon.uasset" 1014
"../../../Engine/Plugins/FX/Niagara/Content/Modules/Spawn/Initialization/InitializeRibbon.uexp" 1015
"../../../Engine/Plugins/FX/Niagara/Content/DynamicInputs/Execution/ReturnNormalizedExecIndex.uasset" 1016
"../../../Engine/Plugins/FX/Niagara/Content/DynamicInputs/Execution/ReturnNormalizedExecIndex.uexp" 1017
"../../../Engine/Plugins/FX/Niagara/Content/Enums/Ribbons/ENiagara_UnsetDirectSetRandom.uasset" 1018
"../../../Engine/Plugins/FX/Niagara/Content/Enums/Ribbons/ENiagara_UnsetDirectSetRandom.uexp" 1019
"../../../Engine/Plugins/FX/Niagara/Content/Enums/ENiagara_UVFlippingMode.uasset" 1020
"../../../Engine/Plugins/FX/Niagara/Content/Enums/ENiagara_UVFlippingMode.uexp" 1021
"../../../Engine/Plugins/FX/Niagara/Content/Enums/ENiagara_SpriteRotationMode.uasset" 1022
"../../../Engine/Plugins/FX/Niagara/Content/Enums/ENiagara_SpriteRotationMode.uexp" 1023
"../../../Engine/Plugins/FX/Niagara/Content/Enums/ENiagara_SizeScaleMode.uasset" 1024
"../../../Engine/Plugins/FX/Niagara/Content/Enums/ENiagara_SizeScaleMode.uexp" 1025
"../../../Engine/Plugins/FX/Niagara/Content/Functions/V2/CalculateRandomRangeInteger.uasset" 1026
"../../../Engine/Plugins/FX/Niagara/Content/Functions/V2/CalculateRandomRangeInteger.uexp" 1027
"../../../Engine/Plugins/FX/Niagara/Content/Functions/V2/CalculateRandomBool.uasset" 1028
"../../../Engine/Plugins/FX/Niagara/Content/Functions/V2/CalculateRandomBool.uexp" 1029
"../../../Engine/Plugins/FX/Niagara/Content/Modules/Spawn/Initialization/V2/InitializeParticle.uasset" 1030
"../../../Engine/Plugins/FX/Niagara/Content/Modules/Spawn/Initialization/V2/InitializeParticle.uexp" 1031
"../../../Engine/Content/Functions/Engine_MaterialFunctions02/Utility/DepthFromWorldPosition.uasset" 1032
"../../../Engine/Content/Functions/Engine_MaterialFunctions02/Utility/DepthFromWorldPosition.uexp" 1033
"../../../Engine/Content/EngineMaterials/Good64x64TilingNoiseHighFreq.uasset" 1034
"../../../Engine/Content/EngineMaterials/Good64x64TilingNoiseHighFreq.uexp" 1035
"C:/Users/audre/OneDrive/Desktop/Inventors_Workshop/Content/VRTemplate/Materials/Functions/MF_OccludedPixels.uasset" 1036
"C:/Users/audre/OneDrive/Desktop/Inventors_Workshop/Content/VRTemplate/Materials/Functions/MF_OccludedPixels.uexp" 1037
"C:/Users/audre/OneDrive/Desktop/Inventors_Workshop/Content/VRTemplate/Materials/M_TeleportNoise.uasset" 1038
"C:/Users/audre/OneDrive/Desktop/Inventors_Workshop/Content/VRTemplate/Materials/M_TeleportNoise.uexp" 1039
"C:/Users/audre/OneDrive/Desktop/Inventors_Workshop/Content/VRTemplate/Materials/M_TeleportCylinder.uasset" 1040
"C:/Users/audre/OneDrive/Desktop/Inventors_Workshop/Content/VRTemplate/Materials/M_TeleportCylinder.uexp" 1041
"C:/Users/audre/OneDrive/Desktop/Inventors_Workshop/Content/VRTemplate/VFX/NS_TeleportRing.uasset" 1042
"C:/Users/audre/OneDrive/Desktop/Inventors_Workshop/Content/VRTemplate/VFX/NS_TeleportRing.uexp" 1043
"../../../Engine/Plugins/FX/Niagara/Content/Enums/ENiagaraArraySamplingMode.uasset" 1044
"../../../Engine/Plugins/FX/Niagara/Content/Enums/ENiagaraArraySamplingMode.uexp" 1045
"../../../Engine/Plugins/FX/Niagara/Content/Enums/ENiagara_WrapClamp.uasset" 1046
"../../../Engine/Plugins/FX/Niagara/Content/Enums/ENiagara_WrapClamp.uexp" 1047
"../../../Engine/Plugins/FX/Niagara/Content/DynamicInputs/Multiply/Multiply_Vector.uasset" 1048
"../../../Engine/Plugins/FX/Niagara/Content/DynamicInputs/Multiply/Multiply_Vector.uexp" 1049
"../../../Engine/Plugins/FX/Niagara/Content/DynamicInputs/Execution/ReturnExecIndex.uasset" 1050
"../../../Engine/Plugins/FX/Niagara/Content/DynamicInputs/Execution/ReturnExecIndex.uexp" 1051
"../../../Engine/Plugins/FX/Niagara/Content/DynamicInputs/Arrays/SelectVectorFromArray.uasset" 1052
"../../../Engine/Plugins/FX/Niagara/Content/DynamicInputs/Arrays/SelectVectorFromArray.uexp" 1053
"C:/Users/audre/OneDrive/Desktop/Inventors_Workshop/Content/VRTemplate/VFX/NS_PlayAreaBounds.uasset" 1054
"C:/Users/audre/OneDrive/Desktop/Inventors_Workshop/Content/VRTemplate/VFX/NS_PlayAreaBounds.uexp" 1055
"C:/Users/audre/OneDrive/Desktop/Inventors_Workshop/Content/VRTemplate/Blueprints/VRTeleportVisualizer.uasset" 1056
"C:/Users/audre/OneDrive/Desktop/Inventors_Workshop/Content/VRTemplate/Blueprints/VRTeleportVisualizer.uexp" 1057
"../../../Engine/Content/BasicShapes/Sphere.uasset" 1058
"../../../Engine/Content/BasicShapes/Sphere.uexp" 1059
"C:/Users/audre/OneDrive/Desktop/Inventors_Workshop/Content/VRTemplate/Blueprints/WidgetMenu.uasset" 1060
"C:/Users/audre/OneDrive/Desktop/Inventors_Workshop/Content/VRTemplate/Blueprints/WidgetMenu.uexp" 1061
"C:/Users/audre/OneDrive/Desktop/Inventors_Workshop/Content/VRTemplate/VFX/NS_MenuLaser.uasset" 1062
"C:/Users/audre/OneDrive/Desktop/Inventors_Workshop/Content/VRTemplate/VFX/NS_MenuLaser.uexp" 1063
"C:/Users/audre/OneDrive/Desktop/Inventors_Workshop/Content/VRTemplate/Materials/M_VRCursor.uasset" 1064
"C:/Users/audre/OneDrive/Desktop/Inventors_Workshop/Content/VRTemplate/Materials/M_VRCursor.uexp" 1065
"C:/Users/audre/OneDrive/Desktop/Inventors_Workshop/Content/VRTemplate/Blueprints/Menu.uasset" 1066
"C:/Users/audre/OneDrive/Desktop/Inventors_Workshop/Content/VRTemplate/Blueprints/Menu.uexp" 1067
"C:/Users/audre/OneDrive/Desktop/Inventors_Workshop/Content/VRTemplate/Blueprints/VRInteractionBPI.uasset" 1068
"C:/Users/audre/OneDrive/Desktop/Inventors_Workshop/Content/VRTemplate/Blueprints/VRInteractionBPI.uexp" 1069
"C:/Users/audre/OneDrive/Desktop/Inventors_Workshop/Content/VRTemplate/Blueprints/GrabType.uasset" 1070
"C:/Users/audre/OneDrive/Desktop/Inventors_Workshop/Content/VRTemplate/Blueprints/GrabType.uexp" 1071
"C:/Users/audre/OneDrive/Desktop/Inventors_Workshop/Content/VRTemplate/Haptics/GrabHapticEffect.uasset" 1072
"C:/Users/audre/OneDrive/Desktop/Inventors_Workshop/Content/VRTemplate/Haptics/GrabHapticEffect.uexp" 1073
"C:/Users/audre/OneDrive/Desktop/Inventors_Workshop/Content/VRTemplate/Blueprints/GrabComponent.uasset" 1074
"C:/Users/audre/OneDrive/Desktop/Inventors_Workshop/Content/VRTemplate/Blueprints/GrabComponent.uexp" 1075
"C:/Users/audre/OneDrive/Desktop/Inventors_Workshop/Content/VRTemplate/Blueprints/VRPawn.uasset" 1076
"C:/Users/audre/OneDrive/Desktop/Inventors_Workshop/Content/VRTemplate/Blueprints/VRPawn.uexp" 1077
"C:/Users/audre/OneDrive/Desktop/Inventors_Workshop/Content/VRTemplate/Blueprints/VRGameMode.uasset" 1078
"C:/Users/audre/OneDrive/Desktop/Inventors_Workshop/Content/VRTemplate/Blueprints/VRGameMode.uexp" 1079
"C:/Users/audre/OneDrive/Desktop/Inventors_Workshop/Content/VRTemplate/Haptics/PistolFireHapticEffect.uasset" 1080
"C:/Users/audre/OneDrive/Desktop/Inventors_Workshop/Content/VRTemplate/Haptics/PistolFireHapticEffect.uexp" 1081
"C:/Users/audre/OneDrive/Desktop/Inventors_Workshop/Content/VRTemplate/Materials/M_Projectile.uasset" 1082
"C:/Users/audre/OneDrive/Desktop/Inventors_Workshop/Content/VRTemplate/Materials/M_Projectile.uexp" 1083
"C:/Users/audre/OneDrive/Desktop/Inventors_Workshop/Content/VRTemplate/Materials/MI_Projectile.uasset" 1084
"C:/Users/audre/OneDrive/Desktop/Inventors_Workshop/Content/VRTemplate/Materials/MI_Projectile.uexp" 1085
"C:/Users/audre/OneDrive/Desktop/Inventors_Workshop/Content/VRTemplate/Blueprints/Projectile.uasset" 1086
"C:/Users/audre/OneDrive/Desktop/Inventors_Workshop/Content/VRTemplate/Blueprints/Projectile.uexp" 1087
"C:/Users/audre/OneDrive/Desktop/Inventors_Workshop/Content/VRTemplate/Blueprints/Pistol.uasset" 1088
"C:/Users/audre/OneDrive/Desktop/Inventors_Workshop/Content/VRTemplate/Blueprints/Pistol.uexp" 1089
"../../../Engine/Content/VREditor/BasicMeshes/T_CleanFloorGrunge_01_D.uasset" 1090
"../../../Engine/Content/VREditor/BasicMeshes/T_CleanFloorGrunge_01_D.uexp" 1091
"../../../Engine/Content/VREditor/BasicMeshes/T_CleanFloorGrunge_01_D.ubulk" 1092
"../../../Engine/Content/VREditor/BasicMeshes/M_Floor_01.uasset" 1093
"../../../Engine/Content/VREditor/BasicMeshes/M_Floor_01.uexp" 1094
"../../../Engine/Content/VREditor/BasicMeshes/MI_Cube_01.uasset" 1095
"../../../Engine/Content/VREditor/BasicMeshes/MI_Cube_01.uexp" 1096
"../../../Engine/Content/VREditor/BasicMeshes/SM_Cube_01.uasset" 1097
"../../../Engine/Content/VREditor/BasicMeshes/SM_Cube_01.uexp" 1098
"C:/Users/audre/OneDrive/Desktop/Inventors_Workshop/Content/VRTemplate/Blueprints/Grabbable_SmallCube.uasset" 1099
"C:/Users/audre/OneDrive/Desktop/Inventors_Workshop/Content/VRTemplate/Blueprints/Grabbable_SmallCube.uexp" 1100
"C:/Users/audre/OneDrive/Desktop/Inventors_Workshop/Content/VRTemplate/Audio/Fire01.uasset" 1101
"C:/Users/audre/OneDrive/Desktop/Inventors_Workshop/Content/VRTemplate/Audio/Fire01.uexp" 1102
"C:/Users/audre/OneDrive/Desktop/Inventors_Workshop/Content/VRTemplate/Audio/Fire_Cue.uasset" 1103
"C:/Users/audre/OneDrive/Desktop/Inventors_Workshop/Content/VRTemplate/Audio/Fire_Cue.uexp" 1104
"../../../Engine/Content/EditorResources/MatineeCam_D.uasset" 1105
"../../../Engine/Content/EditorResources/MatineeCam_D.uexp" 1106
"../../../Engine/Content/EditorMaterials/MatineeCam_mat.uasset" 1107
"../../../Engine/Content/EditorMaterials/MatineeCam_mat.uexp" 1108
"../../../Engine/Content/EditorMeshes/MatineeCam_SM.uasset" 1109
"../../../Engine/Content/EditorMeshes/MatineeCam_SM.uexp" 1110
"C:/Users/audre/OneDrive/Desktop/Inventors_Workshop/Content/VRSpectator/RT_VRSpectator.uasset" 1111
"C:/Users/audre/OneDrive/Desktop/Inventors_Workshop/Content/VRSpectator/RT_VRSpectator.uexp" 1112
"C:/Users/audre/OneDrive/Desktop/Inventors_Workshop/Content/VRSpectator/VRSpectator.uasset" 1113
"C:/Users/audre/OneDrive/Desktop/Inventors_Workshop/Content/VRSpectator/VRSpectator.uexp" 1114
"C:/Users/audre/OneDrive/Desktop/Inventors_Workshop/Content/Geometry/Meshes/CubeMaterial.uasset" 1115
"C:/Users/audre/OneDrive/Desktop/Inventors_Workshop/Content/Geometry/Meshes/CubeMaterial.uexp" 1116
"C:/Users/audre/OneDrive/Desktop/Inventors_Workshop/Content/Geometry/Meshes/TemplateFloor.uasset" 1117
"C:/Users/audre/OneDrive/Desktop/Inventors_Workshop/Content/Geometry/Meshes/TemplateFloor.uexp" 1118
"C:/Users/audre/OneDrive/Desktop/Inventors_Workshop/Content/Geometry/Meshes/1M_Cube_Chamfer.uasset" 1119
"C:/Users/audre/OneDrive/Desktop/Inventors_Workshop/Content/Geometry/Meshes/1M_Cube_Chamfer.uexp" 1120
"C:/Users/audre/OneDrive/Desktop/Inventors_Workshop/Content/Geometry/Meshes/1M_Cube.uasset" 1121
"C:/Users/audre/OneDrive/Desktop/Inventors_Workshop/Content/Geometry/Meshes/1M_Cube.uexp" 1122
"../../../Engine/Content/EngineMaterials/NewBaseFlattenMaterial.uasset" 1123
"../../../Engine/Content/EngineMaterials/NewBaseFlattenMaterial.uexp" 1124
"C:/Users/audre/OneDrive/Desktop/Inventors_Workshop/Content/Custom_Assets/M_Base_mesh_RoughWB_WorldGridMaterial_0FEEE868CE459C6B97D9EA9A55467953.uasset" 1125
"C:/Users/audre/OneDrive/Desktop/Inventors_Workshop/Content/Custom_Assets/M_Base_mesh_RoughWB_WorldGridMaterial_0FEEE868CE459C6B97D9EA9A55467953.uexp" 1126
"C:/Users/audre/OneDrive/Desktop/Inventors_Workshop/Content/Custom_Assets/M_Base_mesh_RoughWB_WorldGridMaterial_0FEEE868CE459C6B97D9EA9A55467953.ubulk" 1127
"C:/Users/audre/OneDrive/Desktop/Inventors_Workshop/Content/Custom_Assets/Base_mesh_RoughWB.uasset" 1128
"C:/Users/audre/OneDrive/Desktop/Inventors_Workshop/Content/Custom_Assets/Base_mesh_RoughWB.uexp" 1129
"C:/Users/audre/OneDrive/Desktop/Inventors_Workshop/Content/StarterContent/Textures/T_MacroVariation.uasset" 1130
"C:/Users/audre/OneDrive/Desktop/Inventors_Workshop/Content/StarterContent/Textures/T_MacroVariation.uexp" 1131
"C:/Users/audre/OneDrive/Desktop/Inventors_Workshop/Content/StarterContent/Materials/M_Brick_Clay_Beveled.uasset" 1132
"C:/Users/audre/OneDrive/Desktop/Inventors_Workshop/Content/StarterContent/Materials/M_Brick_Clay_Beveled.uexp" 1133
"C:/Users/audre/OneDrive/Desktop/Inventors_Workshop/Content/AlchemistsHouse/Assets/Textures/Bed_texture.uasset" 1134
"C:/Users/audre/OneDrive/Desktop/Inventors_Workshop/Content/AlchemistsHouse/Assets/Textures/Bed_texture.uexp" 1135
"C:/Users/audre/OneDrive/Desktop/Inventors_Workshop/Content/AlchemistsHouse/Assets/Textures/Bed_texture.ubulk" 1136
"C:/Users/audre/OneDrive/Desktop/Inventors_Workshop/Content/AlchemistsHouse/Assets/Textures/Bed_normal.uasset" 1137
"C:/Users/audre/OneDrive/Desktop/Inventors_Workshop/Content/AlchemistsHouse/Assets/Textures/Bed_normal.uexp" 1138
"C:/Users/audre/OneDrive/Desktop/Inventors_Workshop/Content/AlchemistsHouse/Assets/Textures/Bed_normal.ubulk" 1139
"C:/Users/audre/OneDrive/Desktop/Inventors_Workshop/Content/AlchemistsHouse/Assets/Materials/Bed.uasset" 1140
"C:/Users/audre/OneDrive/Desktop/Inventors_Workshop/Content/AlchemistsHouse/Assets/Materials/Bed.uexp" 1141
"C:/Users/audre/OneDrive/Desktop/Inventors_Workshop/Content/AlchemistsHouse/Assets/Models/Bed.uasset" 1142
"C:/Users/audre/OneDrive/Desktop/Inventors_Workshop/Content/AlchemistsHouse/Assets/Models/Bed.uexp" 1143
"C:/Users/audre/OneDrive/Desktop/Inventors_Workshop/Content/AlchemistsHouse/Assets/Textures/Armchair_texture.uasset" 1144
"C:/Users/audre/OneDrive/Desktop/Inventors_Workshop/Content/AlchemistsHouse/Assets/Textures/Armchair_texture.uexp" 1145
"C:/Users/audre/OneDrive/Desktop/Inventors_Workshop/Content/AlchemistsHouse/Assets/Textures/Armchair_texture.ubulk" 1146
"C:/Users/audre/OneDrive/Desktop/Inventors_Workshop/Content/AlchemistsHouse/Assets/Textures/Armchair_normal.uasset" 1147
"C:/Users/audre/OneDrive/Desktop/Inventors_Workshop/Content/AlchemistsHouse/Assets/Textures/Armchair_normal.uexp" 1148
"C:/Users/audre/OneDrive/Desktop/Inventors_Workshop/Content/AlchemistsHouse/Assets/Textures/Armchair_normal.ubulk" 1149
"C:/Users/audre/OneDrive/Desktop/Inventors_Workshop/Content/AlchemistsHouse/Assets/Materials/Armchair.uasset" 1150
"C:/Users/audre/OneDrive/Desktop/Inventors_Workshop/Content/AlchemistsHouse/Assets/Materials/Armchair.uexp" 1151
"C:/Users/audre/OneDrive/Desktop/Inventors_Workshop/Content/AlchemistsHouse/Assets/Models/Armchair.uasset" 1152
"C:/Users/audre/OneDrive/Desktop/Inventors_Workshop/Content/AlchemistsHouse/Assets/Models/Armchair.uexp" 1153
"C:/Users/audre/OneDrive/Desktop/Inventors_Workshop/Content/AlchemistsHouse/Assets/Textures/Apple_texture.uasset" 1154
"C:/Users/audre/OneDrive/Desktop/Inventors_Workshop/Content/AlchemistsHouse/Assets/Textures/Apple_texture.uexp" 1155
"C:/Users/audre/OneDrive/Desktop/Inventors_Workshop/Content/AlchemistsHouse/Assets/Textures/Apple_texture.ubulk" 1156
"C:/Users/audre/OneDrive/Desktop/Inventors_Workshop/Content/AlchemistsHouse/Assets/Materials/Apple.uasset" 1157
"C:/Users/audre/OneDrive/Desktop/Inventors_Workshop/Content/AlchemistsHouse/Assets/Materials/Apple.uexp" 1158
"C:/Users/audre/OneDrive/Desktop/Inventors_Workshop/Content/AlchemistsHouse/Assets/Models/Apple.uasset" 1159
"C:/Users/audre/OneDrive/Desktop/Inventors_Workshop/Content/AlchemistsHouse/Assets/Models/Apple.uexp" 1160
"C:/Users/audre/OneDrive/Desktop/Inventors_Workshop/Content/AlchemistsHouse/Assets/Textures/Cup_texture.uasset" 1161
"C:/Users/audre/OneDrive/Desktop/Inventors_Workshop/Content/AlchemistsHouse/Assets/Textures/Cup_texture.uexp" 1162
"C:/Users/audre/OneDrive/Desktop/Inventors_Workshop/Content/AlchemistsHouse/Assets/Textures/Cup_texture.ubulk" 1163
"C:/Users/audre/OneDrive/Desktop/Inventors_Workshop/Content/AlchemistsHouse/Assets/Textures/Cup_normal.uasset" 1164
"C:/Users/audre/OneDrive/Desktop/Inventors_Workshop/Content/AlchemistsHouse/Assets/Textures/Cup_normal.uexp" 1165
"C:/Users/audre/OneDrive/Desktop/Inventors_Workshop/Content/AlchemistsHouse/Assets/Textures/Cup_normal.ubulk" 1166
"C:/Users/audre/OneDrive/Desktop/Inventors_Workshop/Content/AlchemistsHouse/Assets/Materials/Cup.uasset" 1167
"C:/Users/audre/OneDrive/Desktop/Inventors_Workshop/Content/AlchemistsHouse/Assets/Materials/Cup.uexp" 1168
"C:/Users/audre/OneDrive/Desktop/Inventors_Workshop/Content/AlchemistsHouse/Assets/Models/Cup.uasset" 1169
"C:/Users/audre/OneDrive/Desktop/Inventors_Workshop/Content/AlchemistsHouse/Assets/Models/Cup.uexp" 1170
"C:/Users/audre/OneDrive/Desktop/Inventors_Workshop/Content/AlchemistsHouse/Assets/Textures/Chest_texture.uasset" 1171
"C:/Users/audre/OneDrive/Desktop/Inventors_Workshop/Content/AlchemistsHouse/Assets/Textures/Chest_texture.uexp" 1172
"C:/Users/audre/OneDrive/Desktop/Inventors_Workshop/Content/AlchemistsHouse/Assets/Textures/Chest_texture.ubulk" 1173
"C:/Users/audre/OneDrive/Desktop/Inventors_Workshop/Content/AlchemistsHouse/Assets/Textures/Chest_normal.uasset" 1174
"C:/Users/audre/OneDrive/Desktop/Inventors_Workshop/Content/AlchemistsHouse/Assets/Textures/Chest_normal.uexp" 1175
"C:/Users/audre/OneDrive/Desktop/Inventors_Workshop/Content/AlchemistsHouse/Assets/Textures/Chest_normal.ubulk" 1176
"C:/Users/audre/OneDrive/Desktop/Inventors_Workshop/Content/AlchemistsHouse/Assets/Materials/Chest.uasset" 1177
"C:/Users/audre/OneDrive/Desktop/Inventors_Workshop/Content/AlchemistsHouse/Assets/Materials/Chest.uexp" 1178
"C:/Users/audre/OneDrive/Desktop/Inventors_Workshop/Content/AlchemistsHouse/Assets/Models/Chest.uasset" 1179
"C:/Users/audre/OneDrive/Desktop/Inventors_Workshop/Content/AlchemistsHouse/Assets/Models/Chest.uexp" 1180
"../../../Engine/Content/VREditor/BasicMeshes/MI_Ball_01.uasset" 1181
"../../../Engine/Content/VREditor/BasicMeshes/MI_Ball_01.uexp" 1182
"../../../Engine/Content/VREditor/BasicMeshes/SM_Ball_01.uasset" 1183
"../../../Engine/Content/VREditor/BasicMeshes/SM_Ball_01.uexp" 1184
"C:/Users/audre/OneDrive/Desktop/Inventors_Workshop/Content/VRTemplate/Maps/VRTemplateMap.uexp" 1185
"C:/Users/audre/OneDrive/Desktop/Inventors_Workshop/Content/VRTemplate/Maps/VRTemplateMap.umap" 1186
